# JRE version: OpenJDK Runtime Environment Temurin-17.0.13+11 (17.0.13+11) (build 17.0.13+11)
# Java VM: OpenJDK 64-Bit Server VM Temurin-17.0.13+11 (17.0.13+11, mixed mode, tiered, compressed oops, compressed class ptrs, parallel gc, windows-amd64)
GC Precious Log:
 CPUs: 8 total, 8 available
 Memory: 3917M
 Large Page Support: Disabled
 NUMA Support: Disabled
 Compressed Oops: Enabled (32-bit)
 Alignments: Space 512K, Generation 512K, Heap 2M
 Heap Min Capacity: 100M
 Heap Initial Capacity: 100M
 Heap Max Capacity: 1G
 Pre-touch: Disabled
 Parallel Workers: 8
Heap:
 PSYoungGen      total 16384K, used 13824K [0x00000000eab00000, 0x00000000ebe00000, 0x0000000100000000)
  eden space 13824K, 100% used [0x00000000eab00000,0x00000000eb880000,0x00000000eb880000)
  from space 2560K, 0% used [0x00000000eb880000,0x00000000eb880000,0x00000000ebb00000)
  to   space 2560K, 0% used [0x00000000ebb00000,0x00000000ebb00000,0x00000000ebd80000)
 ParOldGen       total 104448K, used 104084K [0x00000000c0000000, 0x00000000c6600000, 0x00000000eab00000)
  object space 104448K, 99% used [0x00000000c0000000,0x00000000c65a5248,0x00000000c6600000)
 Metaspace       used 67486K, committed 68672K, reserved 1114112K
  class space    used 7041K, committed 7552K, reserved 1048576K
GC Heap History (20 events):
Event: 937.130 GC heap after
{Heap after GC invocations=11382 (full 11323):
 PSYoungGen      total 16384K, used 11942K [0x00000000eab00000, 0x00000000ebe00000, 0x0000000100000000)
  eden space 13824K, 86% used [0x00000000eab00000,0x00000000eb6a9a90,0x00000000eb880000)
  from space 2560K, 0% used [0x00000000ebb00000,0x00000000ebb00000,0x00000000ebd80000)
  to   space 2560K, 0% used [0x00000000eb880000,0x00000000eb880000,0x00000000ebb00000)
 ParOldGen       total 104448K, used 103992K [0x00000000c0000000, 0x00000000c6600000, 0x00000000eab00000)
  object space 104448K, 99% used [0x00000000c0000000,0x00000000c658e3a0,0x00000000c6600000)
 Metaspace       used 67434K, committed 68544K, reserved 1114112K
  class space    used 7034K, committed 7552K, reserved 1048576K
}
Event: 937.142 GC heap before
{Heap before GC invocations=11383 (full 11324):
 PSYoungGen      total 16384K, used 13824K [0x00000000eab00000, 0x00000000ebe00000, 0x0000000100000000)
  eden space 13824K, 100% used [0x00000000eab00000,0x00000000eb880000,0x00000000eb880000)
  from space 2560K, 0% used [0x00000000ebb00000,0x00000000ebb00000,0x00000000ebd80000)
  to   space 2560K, 0% used [0x00000000eb880000,0x00000000eb880000,0x00000000ebb00000)
 ParOldGen       total 104448K, used 103992K [0x00000000c0000000, 0x00000000c6600000, 0x00000000eab00000)
  object space 104448K, 99% used [0x00000000c0000000,0x00000000c658e3a0,0x00000000c6600000)
 Metaspace       used 67434K, committed 68544K, reserved 1114112K
  class space    used 7034K, committed 7552K, reserved 1048576K
}
Event: 937.289 GC heap after
{Heap after GC invocations=11383 (full 11324):
 PSYoungGen      total 16384K, used 10152K [0x00000000eab00000, 0x00000000ebe00000, 0x0000000100000000)
  eden space 13824K, 73% used [0x00000000eab00000,0x00000000eb4ea3a0,0x00000000eb880000)
  from space 2560K, 0% used [0x00000000eb880000,0x00000000eb880000,0x00000000ebb00000)
  to   space 2560K, 0% used [0x00000000ebb00000,0x00000000ebb00000,0x00000000ebd80000)
 ParOldGen       total 104448K, used 104166K [0x00000000c0000000, 0x00000000c6600000, 0x00000000eab00000)
  object space 104448K, 99% used [0x00000000c0000000,0x00000000c65b9868,0x00000000c6600000)
 Metaspace       used 67434K, committed 68544K, reserved 1114112K
  class space    used 7034K, committed 7552K, reserved 1048576K
}
Event: 937.315 GC heap before
{Heap before GC invocations=11384 (full 11325):
 PSYoungGen      total 16384K, used 13824K [0x00000000eab00000, 0x00000000ebe00000, 0x0000000100000000)
  eden space 13824K, 100% used [0x00000000eab00000,0x00000000eb880000,0x00000000eb880000)
  from space 2560K, 0% used [0x00000000eb880000,0x00000000eb880000,0x00000000ebb00000)
  to   space 2560K, 0% used [0x00000000ebb00000,0x00000000ebb00000,0x00000000ebd80000)
 ParOldGen       total 104448K, used 104166K [0x00000000c0000000, 0x00000000c6600000, 0x00000000eab00000)
  object space 104448K, 99% used [0x00000000c0000000,0x00000000c65b9868,0x00000000c6600000)
 Metaspace       used 67436K, committed 68544K, reserved 1114112K
  class space    used 7034K, committed 7552K, reserved 1048576K
}
Event: 937.464 GC heap after
{Heap after GC invocations=11384 (full 11325):
 PSYoungGen      total 16384K, used 10765K [0x00000000eab00000, 0x00000000ebe00000, 0x0000000100000000)
  eden space 13824K, 77% used [0x00000000eab00000,0x00000000eb583438,0x00000000eb880000)
  from space 2560K, 0% used [0x00000000ebb00000,0x00000000ebb00000,0x00000000ebd80000)
  to   space 2560K, 0% used [0x00000000eb880000,0x00000000eb880000,0x00000000ebb00000)
 ParOldGen       total 104448K, used 104150K [0x00000000c0000000, 0x00000000c6600000, 0x00000000eab00000)
  object space 104448K, 99% used [0x00000000c0000000,0x00000000c65b58e0,0x00000000c6600000)
 Metaspace       used 67436K, committed 68544K, reserved 1114112K
  class space    used 7034K, committed 7552K, reserved 1048576K
}
Event: 937.493 GC heap before
{Heap before GC invocations=11385 (full 11326):
 PSYoungGen      total 16384K, used 13824K [0x00000000eab00000, 0x00000000ebe00000, 0x0000000100000000)
  eden space 13824K, 100% used [0x00000000eab00000,0x00000000eb880000,0x00000000eb880000)
  from space 2560K, 0% used [0x00000000ebb00000,0x00000000ebb00000,0x00000000ebd80000)
  to   space 2560K, 0% used [0x00000000eb880000,0x00000000eb880000,0x00000000ebb00000)
 ParOldGen       total 104448K, used 104150K [0x00000000c0000000, 0x00000000c6600000, 0x00000000eab00000)
  object space 104448K, 99% used [0x00000000c0000000,0x00000000c65b58e0,0x00000000c6600000)
 Metaspace       used 67436K, committed 68544K, reserved 1114112K
  class space    used 7034K, committed 7552K, reserved 1048576K
}
Event: 937.637 GC heap after
{Heap after GC invocations=11385 (full 11326):
 PSYoungGen      total 16384K, used 11253K [0x00000000eab00000, 0x00000000ebe00000, 0x0000000100000000)
  eden space 13824K, 81% used [0x00000000eab00000,0x00000000eb5fd670,0x00000000eb880000)
  from space 2560K, 0% used [0x00000000eb880000,0x00000000eb880000,0x00000000ebb00000)
  to   space 2560K, 0% used [0x00000000ebb00000,0x00000000ebb00000,0x00000000ebd80000)
 ParOldGen       total 104448K, used 104138K [0x00000000c0000000, 0x00000000c6600000, 0x00000000eab00000)
  object space 104448K, 99% used [0x00000000c0000000,0x00000000c65b2ab0,0x00000000c6600000)
 Metaspace       used 67436K, committed 68544K, reserved 1114112K
  class space    used 7034K, committed 7552K, reserved 1048576K
}
Event: 937.653 GC heap before
{Heap before GC invocations=11386 (full 11327):
 PSYoungGen      total 16384K, used 13824K [0x00000000eab00000, 0x00000000ebe00000, 0x0000000100000000)
  eden space 13824K, 100% used [0x00000000eab00000,0x00000000eb880000,0x00000000eb880000)
  from space 2560K, 0% used [0x00000000eb880000,0x00000000eb880000,0x00000000ebb00000)
  to   space 2560K, 0% used [0x00000000ebb00000,0x00000000ebb00000,0x00000000ebd80000)
 ParOldGen       total 104448K, used 104155K [0x00000000c0000000, 0x00000000c6600000, 0x00000000eab00000)
  object space 104448K, 99% used [0x00000000c0000000,0x00000000c65b6cd8,0x00000000c6600000)
 Metaspace       used 67439K, committed 68544K, reserved 1114112K
  class space    used 7034K, committed 7552K, reserved 1048576K
}
Event: 937.789 GC heap after
{Heap after GC invocations=11386 (full 11327):
 PSYoungGen      total 16384K, used 11617K [0x00000000eab00000, 0x00000000ebe00000, 0x0000000100000000)
  eden space 13824K, 84% used [0x00000000eab00000,0x00000000eb658560,0x00000000eb880000)
  from space 2560K, 0% used [0x00000000ebb00000,0x00000000ebb00000,0x00000000ebd80000)
  to   space 2560K, 0% used [0x00000000eb880000,0x00000000eb880000,0x00000000ebb00000)
 ParOldGen       total 104448K, used 104145K [0x00000000c0000000, 0x00000000c6600000, 0x00000000eab00000)
  object space 104448K, 99% used [0x00000000c0000000,0x00000000c65b4600,0x00000000c6600000)
 Metaspace       used 67439K, committed 68544K, reserved 1114112K
  class space    used 7034K, committed 7552K, reserved 1048576K
}
Event: 937.799 GC heap before
{Heap before GC invocations=11387 (full 11328):
 PSYoungGen      total 16384K, used 13824K [0x00000000eab00000, 0x00000000ebe00000, 0x0000000100000000)
  eden space 13824K, 100% used [0x00000000eab00000,0x00000000eb880000,0x00000000eb880000)
  from space 2560K, 0% used [0x00000000ebb00000,0x00000000ebb00000,0x00000000ebd80000)
  to   space 2560K, 0% used [0x00000000eb880000,0x00000000eb880000,0x00000000ebb00000)
 ParOldGen       total 104448K, used 104155K [0x00000000c0000000, 0x00000000c6600000, 0x00000000eab00000)
  object space 104448K, 99% used [0x00000000c0000000,0x00000000c65b6d50,0x00000000c6600000)
 Metaspace       used 67456K, committed 68544K, reserved 1114112K
  class space    used 7037K, committed 7552K, reserved 1048576K
}
Event: 937.955 GC heap after
{Heap after GC invocations=11387 (full 11328):
 PSYoungGen      total 16384K, used 10392K [0x00000000eab00000, 0x00000000ebe00000, 0x0000000100000000)
  eden space 13824K, 75% used [0x00000000eab00000,0x00000000eb5261b8,0x00000000eb880000)
  from space 2560K, 0% used [0x00000000eb880000,0x00000000eb880000,0x00000000ebb00000)
  to   space 2560K, 0% used [0x00000000ebb00000,0x00000000ebb00000,0x00000000ebd80000)
 ParOldGen       total 104448K, used 104044K [0x00000000c0000000, 0x00000000c6600000, 0x00000000eab00000)
  object space 104448K, 99% used [0x00000000c0000000,0x00000000c659b1c0,0x00000000c6600000)
 Metaspace       used 67456K, committed 68544K, reserved 1114112K
  class space    used 7037K, committed 7552K, reserved 1048576K
}
Event: 937.971 GC heap before
{Heap before GC invocations=11388 (full 11329):
 PSYoungGen      total 16384K, used 13824K [0x00000000eab00000, 0x00000000ebe00000, 0x0000000100000000)
  eden space 13824K, 100% used [0x00000000eab00000,0x00000000eb880000,0x00000000eb880000)
  from space 2560K, 0% used [0x00000000eb880000,0x00000000eb880000,0x00000000ebb00000)
  to   space 2560K, 0% used [0x00000000ebb00000,0x00000000ebb00000,0x00000000ebd80000)
 ParOldGen       total 104448K, used 104044K [0x00000000c0000000, 0x00000000c6600000, 0x00000000eab00000)
  object space 104448K, 99% used [0x00000000c0000000,0x00000000c659b1c0,0x00000000c6600000)
 Metaspace       used 67467K, committed 68544K, reserved 1114112K
  class space    used 7040K, committed 7552K, reserved 1048576K
}
Event: 938.116 GC heap after
{Heap after GC invocations=11388 (full 11329):
 PSYoungGen      total 16384K, used 10914K [0x00000000eab00000, 0x00000000ebe00000, 0x0000000100000000)
  eden space 13824K, 78% used [0x00000000eab00000,0x00000000eb5a8ab8,0x00000000eb880000)
  from space 2560K, 0% used [0x00000000ebb00000,0x00000000ebb00000,0x00000000ebd80000)
  to   space 2560K, 0% used [0x00000000eb880000,0x00000000eb880000,0x00000000ebb00000)
 ParOldGen       total 104448K, used 104031K [0x00000000c0000000, 0x00000000c6600000, 0x00000000eab00000)
  object space 104448K, 99% used [0x00000000c0000000,0x00000000c6597f90,0x00000000c6600000)
 Metaspace       used 67467K, committed 68544K, reserved 1114112K
  class space    used 7040K, committed 7552K, reserved 1048576K
}
Event: 938.133 GC heap before
{Heap before GC invocations=11389 (full 11330):
 PSYoungGen      total 16384K, used 13824K [0x00000000eab00000, 0x00000000ebe00000, 0x0000000100000000)
  eden space 13824K, 100% used [0x00000000eab00000,0x00000000eb880000,0x00000000eb880000)
  from space 2560K, 0% used [0x00000000ebb00000,0x00000000ebb00000,0x00000000ebd80000)
  to   space 2560K, 0% used [0x00000000eb880000,0x00000000eb880000,0x00000000ebb00000)
 ParOldGen       total 104448K, used 104031K [0x00000000c0000000, 0x00000000c6600000, 0x00000000eab00000)
  object space 104448K, 99% used [0x00000000c0000000,0x00000000c6597f90,0x00000000c6600000)
 Metaspace       used 67473K, committed 68544K, reserved 1114112K
  class space    used 7041K, committed 7552K, reserved 1048576K
}
Event: 938.253 GC heap after
{Heap after GC invocations=11389 (full 11330):
 PSYoungGen      total 16384K, used 11291K [0x00000000eab00000, 0x00000000ebe00000, 0x0000000100000000)
  eden space 13824K, 81% used [0x00000000eab00000,0x00000000eb606c50,0x00000000eb880000)
  from space 2560K, 0% used [0x00000000eb880000,0x00000000eb880000,0x00000000ebb00000)
  to   space 2560K, 0% used [0x00000000ebb00000,0x00000000ebb00000,0x00000000ebd80000)
 ParOldGen       total 104448K, used 104026K [0x00000000c0000000, 0x00000000c6600000, 0x00000000eab00000)
  object space 104448K, 99% used [0x00000000c0000000,0x00000000c65969d0,0x00000000c6600000)
 Metaspace       used 67473K, committed 68544K, reserved 1114112K
  class space    used 7041K, committed 7552K, reserved 1048576K
}
Event: 938.270 GC heap before
{Heap before GC invocations=11390 (full 11331):
 PSYoungGen      total 16384K, used 13824K [0x00000000eab00000, 0x00000000ebe00000, 0x0000000100000000)
  eden space 13824K, 100% used [0x00000000eab00000,0x00000000eb880000,0x00000000eb880000)
  from space 2560K, 0% used [0x00000000eb880000,0x00000000eb880000,0x00000000ebb00000)
  to   space 2560K, 0% used [0x00000000ebb00000,0x00000000ebb00000,0x00000000ebd80000)
 ParOldGen       total 104448K, used 104027K [0x00000000c0000000, 0x00000000c6600000, 0x00000000eab00000)
  object space 104448K, 99% used [0x00000000c0000000,0x00000000c6596c20,0x00000000c6600000)
 Metaspace       used 67477K, committed 68608K, reserved 1114112K
  class space    used 7041K, committed 7552K, reserved 1048576K
}
Event: 938.387 GC heap after
{Heap after GC invocations=11390 (full 11331):
 PSYoungGen      total 16384K, used 11657K [0x00000000eab00000, 0x00000000ebe00000, 0x0000000100000000)
  eden space 13824K, 84% used [0x00000000eab00000,0x00000000eb6626e0,0x00000000eb880000)
  from space 2560K, 0% used [0x00000000ebb00000,0x00000000ebb00000,0x00000000ebd80000)
  to   space 2560K, 0% used [0x00000000eb880000,0x00000000eb880000,0x00000000ebb00000)
 ParOldGen       total 104448K, used 104019K [0x00000000c0000000, 0x00000000c6600000, 0x00000000eab00000)
  object space 104448K, 99% used [0x00000000c0000000,0x00000000c6594c10,0x00000000c6600000)
 Metaspace       used 67477K, committed 68608K, reserved 1114112K
  class space    used 7041K, committed 7552K, reserved 1048576K
}
Event: 938.405 GC heap before
{Heap before GC invocations=11391 (full 11332):
 PSYoungGen      total 16384K, used 13824K [0x00000000eab00000, 0x00000000ebe00000, 0x0000000100000000)
  eden space 13824K, 100% used [0x00000000eab00000,0x00000000eb880000,0x00000000eb880000)
  from space 2560K, 0% used [0x00000000ebb00000,0x00000000ebb00000,0x00000000ebd80000)
  to   space 2560K, 0% used [0x00000000eb880000,0x00000000eb880000,0x00000000ebb00000)
 ParOldGen       total 104448K, used 104021K [0x00000000c0000000, 0x00000000c6600000, 0x00000000eab00000)
  object space 104448K, 99% used [0x00000000c0000000,0x00000000c65956d8,0x00000000c6600000)
 Metaspace       used 67482K, committed 68672K, reserved 1114112K
  class space    used 7041K, committed 7552K, reserved 1048576K
}
Event: 938.518 GC heap after
{Heap after GC invocations=11391 (full 11332):
 PSYoungGen      total 16384K, used 12003K [0x00000000eab00000, 0x00000000ebe00000, 0x0000000100000000)
  eden space 13824K, 86% used [0x00000000eab00000,0x00000000eb6b8f70,0x00000000eb880000)
  from space 2560K, 0% used [0x00000000eb880000,0x00000000eb880000,0x00000000ebb00000)
  to   space 2560K, 0% used [0x00000000ebb00000,0x00000000ebb00000,0x00000000ebd80000)
 ParOldGen       total 104448K, used 104013K [0x00000000c0000000, 0x00000000c6600000, 0x00000000eab00000)
  object space 104448K, 99% used [0x00000000c0000000,0x00000000c6593530,0x00000000c6600000)
 Metaspace       used 67482K, committed 68672K, reserved 1114112K
  class space    used 7041K, committed 7552K, reserved 1048576K
}
Event: 938.534 GC heap before
{Heap before GC invocations=11392 (full 11333):
 PSYoungGen      total 16384K, used 13818K [0x00000000eab00000, 0x00000000ebe00000, 0x0000000100000000)
  eden space 13824K, 99% used [0x00000000eab00000,0x00000000eb87e968,0x00000000eb880000)
  from space 2560K, 0% used [0x00000000eb880000,0x00000000eb880000,0x00000000ebb00000)
  to   space 2560K, 0% used [0x00000000ebb00000,0x00000000ebb00000,0x00000000ebd80000)
 ParOldGen       total 104448K, used 104013K [0x00000000c0000000, 0x00000000c6600000, 0x00000000eab00000)
  object space 104448K, 99% used [0x00000000c0000000,0x00000000c6593530,0x00000000c6600000)
 Metaspace       used 67482K, committed 68672K, reserved 1114112K
  class space    used 7041K, committed 7552K, reserved 1048576K
}

