# JRE version: OpenJDK Runtime Environment Temurin-17.0.13+11 (17.0.13+11) (build 17.0.13+11)
# Java VM: OpenJDK 64-Bit Server VM Temurin-17.0.13+11 (17.0.13+11, mixed mode, tiered, compressed oops, compressed class ptrs, parallel gc, windows-amd64)
GC Precious Log:
 CPUs: 8 total, 8 available
 Memory: 3917M
 Large Page Support: Disabled
 NUMA Support: Disabled
 Compressed Oops: Enabled (32-bit)
 Alignments: Space 512K, Generation 512K, Heap 2M
 Heap Min Capacity: 100M
 Heap Initial Capacity: 100M
 Heap Max Capacity: 1G
 Pre-touch: Disabled
 Parallel Workers: 8
Heap:
 PSYoungGen      total 65024K, used 28810K [0x00000000eab00000, 0x00000000f1000000, 0x0000000100000000)
  eden space 37376K, 4% used [0x00000000eab00000,0x00000000eac88140,0x00000000ecf80000)
  from space 27648K, 98% used [0x00000000ecf80000,0x00000000eea1a6f0,0x00000000eea80000)
  to   space 31744K, 0% used [0x00000000ef100000,0x00000000ef100000,0x00000000f1000000)
 ParOldGen       total 331264K, used 231364K [0x00000000c0000000, 0x00000000d4380000, 0x00000000eab00000)
  object space 331264K, 69% used [0x00000000c0000000,0x00000000ce1f1090,0x00000000d4380000)
 Metaspace       used 69164K, committed 70592K, reserved 1114112K
  class space    used 7331K, committed 8000K, reserved 1048576K
GC Heap History (20 events):
Event: 26.424 GC heap before
{Heap before GC invocations=155 (full 6):
 PSYoungGen      total 50688K, used 50665K [0x00000000eab00000, 0x00000000ef580000, 0x0000000100000000)
  eden space 27648K, 100% used [0x00000000eab00000,0x00000000ec600000,0x00000000ec600000)
  from space 23040K, 99% used [0x00000000edd80000,0x00000000ef3fa5a0,0x00000000ef400000)
  to   space 24064K, 0% used [0x00000000ec600000,0x00000000ec600000,0x00000000edd80000)
 ParOldGen       total 331264K, used 205635K [0x00000000c0000000, 0x00000000d4380000, 0x00000000eab00000)
  object space 331264K, 62% used [0x00000000c0000000,0x00000000cc8d0fb0,0x00000000d4380000)
 Metaspace       used 68817K, committed 70144K, reserved 1114112K
  class space    used 7294K, committed 7936K, reserved 1048576K
}
Event: 26.442 GC heap after
{Heap after GC invocations=155 (full 6):
 PSYoungGen      total 51712K, used 24055K [0x00000000eab00000, 0x00000000eff80000, 0x0000000100000000)
  eden space 27648K, 0% used [0x00000000eab00000,0x00000000eab00000,0x00000000ec600000)
  from space 24064K, 99% used [0x00000000ec600000,0x00000000edd7dc68,0x00000000edd80000)
  to   space 28672K, 0% used [0x00000000ee380000,0x00000000ee380000,0x00000000eff80000)
 ParOldGen       total 331264K, used 208862K [0x00000000c0000000, 0x00000000d4380000, 0x00000000eab00000)
  object space 331264K, 63% used [0x00000000c0000000,0x00000000ccbf7b60,0x00000000d4380000)
 Metaspace       used 68817K, committed 70144K, reserved 1114112K
  class space    used 7294K, committed 7936K, reserved 1048576K
}
Event: 26.576 GC heap before
{Heap before GC invocations=156 (full 6):
 PSYoungGen      total 51712K, used 51703K [0x00000000eab00000, 0x00000000eff80000, 0x0000000100000000)
  eden space 27648K, 100% used [0x00000000eab00000,0x00000000ec600000,0x00000000ec600000)
  from space 24064K, 99% used [0x00000000ec600000,0x00000000edd7dc68,0x00000000edd80000)
  to   space 28672K, 0% used [0x00000000ee380000,0x00000000ee380000,0x00000000eff80000)
 ParOldGen       total 331264K, used 208862K [0x00000000c0000000, 0x00000000d4380000, 0x00000000eab00000)
  object space 331264K, 63% used [0x00000000c0000000,0x00000000ccbf7b60,0x00000000d4380000)
 Metaspace       used 68817K, committed 70144K, reserved 1114112K
  class space    used 7294K, committed 7936K, reserved 1048576K
}
Event: 26.595 GC heap after
{Heap after GC invocations=156 (full 6):
 PSYoungGen      total 57856K, used 27544K [0x00000000eab00000, 0x00000000eff00000, 0x0000000100000000)
  eden space 29696K, 0% used [0x00000000eab00000,0x00000000eab00000,0x00000000ec800000)
  from space 28160K, 97% used [0x00000000ee380000,0x00000000efe66268,0x00000000eff00000)
  to   space 28160K, 0% used [0x00000000ec800000,0x00000000ec800000,0x00000000ee380000)
 ParOldGen       total 331264K, used 209785K [0x00000000c0000000, 0x00000000d4380000, 0x00000000eab00000)
  object space 331264K, 63% used [0x00000000c0000000,0x00000000cccde748,0x00000000d4380000)
 Metaspace       used 68817K, committed 70144K, reserved 1114112K
  class space    used 7294K, committed 7936K, reserved 1048576K
}
Event: 26.686 GC heap before
{Heap before GC invocations=157 (full 6):
 PSYoungGen      total 57856K, used 57240K [0x00000000eab00000, 0x00000000eff00000, 0x0000000100000000)
  eden space 29696K, 100% used [0x00000000eab00000,0x00000000ec800000,0x00000000ec800000)
  from space 28160K, 97% used [0x00000000ee380000,0x00000000efe66268,0x00000000eff00000)
  to   space 28160K, 0% used [0x00000000ec800000,0x00000000ec800000,0x00000000ee380000)
 ParOldGen       total 331264K, used 209785K [0x00000000c0000000, 0x00000000d4380000, 0x00000000eab00000)
  object space 331264K, 63% used [0x00000000c0000000,0x00000000cccde748,0x00000000d4380000)
 Metaspace       used 68817K, committed 70144K, reserved 1114112K
  class space    used 7294K, committed 7936K, reserved 1048576K
}
Event: 26.707 GC heap after
{Heap after GC invocations=157 (full 6):
 PSYoungGen      total 57856K, used 28140K [0x00000000eab00000, 0x00000000f0a80000, 0x0000000100000000)
  eden space 29696K, 0% used [0x00000000eab00000,0x00000000eab00000,0x00000000ec800000)
  from space 28160K, 99% used [0x00000000ec800000,0x00000000ee37b2c0,0x00000000ee380000)
  to   space 32768K, 0% used [0x00000000eea80000,0x00000000eea80000,0x00000000f0a80000)
 ParOldGen       total 331264K, used 213601K [0x00000000c0000000, 0x00000000d4380000, 0x00000000eab00000)
  object space 331264K, 64% used [0x00000000c0000000,0x00000000cd0985a8,0x00000000d4380000)
 Metaspace       used 68817K, committed 70144K, reserved 1114112K
  class space    used 7294K, committed 7936K, reserved 1048576K
}
Event: 26.783 GC heap before
{Heap before GC invocations=158 (full 6):
 PSYoungGen      total 57856K, used 57836K [0x00000000eab00000, 0x00000000f0a80000, 0x0000000100000000)
  eden space 29696K, 100% used [0x00000000eab00000,0x00000000ec800000,0x00000000ec800000)
  from space 28160K, 99% used [0x00000000ec800000,0x00000000ee37b2c0,0x00000000ee380000)
  to   space 32768K, 0% used [0x00000000eea80000,0x00000000eea80000,0x00000000f0a80000)
 ParOldGen       total 331264K, used 213601K [0x00000000c0000000, 0x00000000d4380000, 0x00000000eab00000)
  object space 331264K, 64% used [0x00000000c0000000,0x00000000cd0985a8,0x00000000d4380000)
 Metaspace       used 68817K, committed 70144K, reserved 1114112K
  class space    used 7294K, committed 7936K, reserved 1048576K
}
Event: 26.800 GC heap after
{Heap after GC invocations=158 (full 6):
 PSYoungGen      total 64000K, used 31318K [0x00000000eab00000, 0x00000000f0980000, 0x0000000100000000)
  eden space 32256K, 0% used [0x00000000eab00000,0x00000000eab00000,0x00000000eca80000)
  from space 31744K, 98% used [0x00000000eea80000,0x00000000f0915848,0x00000000f0980000)
  to   space 31744K, 0% used [0x00000000ecb80000,0x00000000ecb80000,0x00000000eea80000)
 ParOldGen       total 331264K, used 215001K [0x00000000c0000000, 0x00000000d4380000, 0x00000000eab00000)
  object space 331264K, 64% used [0x00000000c0000000,0x00000000cd1f6480,0x00000000d4380000)
 Metaspace       used 68817K, committed 70144K, reserved 1114112K
  class space    used 7294K, committed 7936K, reserved 1048576K
}
Event: 26.867 GC heap before
{Heap before GC invocations=159 (full 6):
 PSYoungGen      total 64000K, used 63574K [0x00000000eab00000, 0x00000000f0980000, 0x0000000100000000)
  eden space 32256K, 100% used [0x00000000eab00000,0x00000000eca80000,0x00000000eca80000)
  from space 31744K, 98% used [0x00000000eea80000,0x00000000f0915848,0x00000000f0980000)
  to   space 31744K, 0% used [0x00000000ecb80000,0x00000000ecb80000,0x00000000eea80000)
 ParOldGen       total 331264K, used 215001K [0x00000000c0000000, 0x00000000d4380000, 0x00000000eab00000)
  object space 331264K, 64% used [0x00000000c0000000,0x00000000cd1f6480,0x00000000d4380000)
 Metaspace       used 68817K, committed 70144K, reserved 1114112K
  class space    used 7294K, committed 7936K, reserved 1048576K
}
Event: 26.888 GC heap after
{Heap after GC invocations=159 (full 6):
 PSYoungGen      total 65024K, used 31732K [0x00000000eab00000, 0x00000000f1680000, 0x0000000100000000)
  eden space 33280K, 0% used [0x00000000eab00000,0x00000000eab00000,0x00000000ecb80000)
  from space 31744K, 99% used [0x00000000ecb80000,0x00000000eea7d2e0,0x00000000eea80000)
  to   space 37376K, 0% used [0x00000000ef200000,0x00000000ef200000,0x00000000f1680000)
 ParOldGen       total 331264K, used 219568K [0x00000000c0000000, 0x00000000d4380000, 0x00000000eab00000)
  object space 331264K, 66% used [0x00000000c0000000,0x00000000cd66c3d8,0x00000000d4380000)
 Metaspace       used 68817K, committed 70144K, reserved 1114112K
  class space    used 7294K, committed 7936K, reserved 1048576K
}
Event: 27.003 GC heap before
{Heap before GC invocations=160 (full 6):
 PSYoungGen      total 65024K, used 65012K [0x00000000eab00000, 0x00000000f1680000, 0x0000000100000000)
  eden space 33280K, 100% used [0x00000000eab00000,0x00000000ecb80000,0x00000000ecb80000)
  from space 31744K, 99% used [0x00000000ecb80000,0x00000000eea7d2e0,0x00000000eea80000)
  to   space 37376K, 0% used [0x00000000ef200000,0x00000000ef200000,0x00000000f1680000)
 ParOldGen       total 331264K, used 219568K [0x00000000c0000000, 0x00000000d4380000, 0x00000000eab00000)
  object space 331264K, 66% used [0x00000000c0000000,0x00000000cd66c3d8,0x00000000d4380000)
 Metaspace       used 68817K, committed 70144K, reserved 1114112K
  class space    used 7294K, committed 7936K, reserved 1048576K
}
Event: 27.020 GC heap after
{Heap after GC invocations=160 (full 6):
 PSYoungGen      total 71680K, used 35004K [0x00000000eab00000, 0x00000000f1480000, 0x0000000100000000)
  eden space 36352K, 0% used [0x00000000eab00000,0x00000000eab00000,0x00000000ece80000)
  from space 35328K, 99% used [0x00000000ef200000,0x00000000f142f100,0x00000000f1480000)
  to   space 35840K, 0% used [0x00000000ece80000,0x00000000ece80000,0x00000000ef180000)
 ParOldGen       total 331264K, used 221992K [0x00000000c0000000, 0x00000000d4380000, 0x00000000eab00000)
  object space 331264K, 67% used [0x00000000c0000000,0x00000000cd8ca2d8,0x00000000d4380000)
 Metaspace       used 68817K, committed 70144K, reserved 1114112K
  class space    used 7294K, committed 7936K, reserved 1048576K
}
Event: 27.594 GC heap before
{Heap before GC invocations=161 (full 6):
 PSYoungGen      total 71680K, used 71356K [0x00000000eab00000, 0x00000000f1480000, 0x0000000100000000)
  eden space 36352K, 100% used [0x00000000eab00000,0x00000000ece80000,0x00000000ece80000)
  from space 35328K, 99% used [0x00000000ef200000,0x00000000f142f100,0x00000000f1480000)
  to   space 35840K, 0% used [0x00000000ece80000,0x00000000ece80000,0x00000000ef180000)
 ParOldGen       total 331264K, used 221992K [0x00000000c0000000, 0x00000000d4380000, 0x00000000eab00000)
  object space 331264K, 67% used [0x00000000c0000000,0x00000000cd8ca2d8,0x00000000d4380000)
 Metaspace       used 68857K, committed 70208K, reserved 1114112K
  class space    used 7297K, committed 7936K, reserved 1048576K
}
Event: 27.612 GC heap after
{Heap after GC invocations=161 (full 6):
 PSYoungGen      total 72192K, used 35815K [0x00000000eab00000, 0x00000000f1980000, 0x0000000100000000)
  eden space 36352K, 0% used [0x00000000eab00000,0x00000000eab00000,0x00000000ece80000)
  from space 35840K, 99% used [0x00000000ece80000,0x00000000ef179eb0,0x00000000ef180000)
  to   space 36864K, 0% used [0x00000000ef580000,0x00000000ef580000,0x00000000f1980000)
 ParOldGen       total 331264K, used 222492K [0x00000000c0000000, 0x00000000d4380000, 0x00000000eab00000)
  object space 331264K, 67% used [0x00000000c0000000,0x00000000cd947028,0x00000000d4380000)
 Metaspace       used 68857K, committed 70208K, reserved 1114112K
  class space    used 7297K, committed 7936K, reserved 1048576K
}
Event: 28.019 GC heap before
{Heap before GC invocations=162 (full 6):
 PSYoungGen      total 72192K, used 72167K [0x00000000eab00000, 0x00000000f1980000, 0x0000000100000000)
  eden space 36352K, 100% used [0x00000000eab00000,0x00000000ece80000,0x00000000ece80000)
  from space 35840K, 99% used [0x00000000ece80000,0x00000000ef179eb0,0x00000000ef180000)
  to   space 36864K, 0% used [0x00000000ef580000,0x00000000ef580000,0x00000000f1980000)
 ParOldGen       total 331264K, used 222492K [0x00000000c0000000, 0x00000000d4380000, 0x00000000eab00000)
  object space 331264K, 67% used [0x00000000c0000000,0x00000000cd947028,0x00000000d4380000)
 Metaspace       used 68861K, committed 70208K, reserved 1114112K
  class space    used 7297K, committed 7936K, reserved 1048576K
}
Event: 28.046 GC heap after
{Heap after GC invocations=162 (full 6):
 PSYoungGen      total 75264K, used 35330K [0x00000000eab00000, 0x00000000f1880000, 0x0000000100000000)
  eden space 39424K, 0% used [0x00000000eab00000,0x00000000eab00000,0x00000000ed180000)
  from space 35840K, 98% used [0x00000000ef580000,0x00000000f1800b88,0x00000000f1880000)
  to   space 35840K, 0% used [0x00000000ed280000,0x00000000ed280000,0x00000000ef580000)
 ParOldGen       total 331264K, used 225043K [0x00000000c0000000, 0x00000000d4380000, 0x00000000eab00000)
  object space 331264K, 67% used [0x00000000c0000000,0x00000000cdbc4d20,0x00000000d4380000)
 Metaspace       used 68861K, committed 70208K, reserved 1114112K
  class space    used 7297K, committed 7936K, reserved 1048576K
}
Event: 28.544 GC heap before
{Heap before GC invocations=163 (full 6):
 PSYoungGen      total 75264K, used 74754K [0x00000000eab00000, 0x00000000f1880000, 0x0000000100000000)
  eden space 39424K, 100% used [0x00000000eab00000,0x00000000ed180000,0x00000000ed180000)
  from space 35840K, 98% used [0x00000000ef580000,0x00000000f1800b88,0x00000000f1880000)
  to   space 35840K, 0% used [0x00000000ed280000,0x00000000ed280000,0x00000000ef580000)
 ParOldGen       total 331264K, used 225043K [0x00000000c0000000, 0x00000000d4380000, 0x00000000eab00000)
  object space 331264K, 67% used [0x00000000c0000000,0x00000000cdbc4d20,0x00000000d4380000)
 Metaspace       used 68871K, committed 70208K, reserved 1114112K
  class space    used 7297K, committed 7936K, reserved 1048576K
}
Event: 28.563 GC heap after
{Heap after GC invocations=163 (full 6):
 PSYoungGen      total 76288K, used 34547K [0x00000000eab00000, 0x00000000f1900000, 0x0000000100000000)
  eden space 40448K, 0% used [0x00000000eab00000,0x00000000eab00000,0x00000000ed280000)
  from space 35840K, 96% used [0x00000000ed280000,0x00000000ef43cd20,0x00000000ef580000)
  to   space 35328K, 0% used [0x00000000ef680000,0x00000000ef680000,0x00000000f1900000)
 ParOldGen       total 331264K, used 225051K [0x00000000c0000000, 0x00000000d4380000, 0x00000000eab00000)
  object space 331264K, 67% used [0x00000000c0000000,0x00000000cdbc6d20,0x00000000d4380000)
 Metaspace       used 68871K, committed 70208K, reserved 1114112K
  class space    used 7297K, committed 7936K, reserved 1048576K
}
Event: 28.758 GC heap before
{Heap before GC invocations=164 (full 6):
 PSYoungGen      total 76288K, used 74995K [0x00000000eab00000, 0x00000000f1900000, 0x0000000100000000)
  eden space 40448K, 100% used [0x00000000eab00000,0x00000000ed280000,0x00000000ed280000)
  from space 35840K, 96% used [0x00000000ed280000,0x00000000ef43cd20,0x00000000ef580000)
  to   space 35328K, 0% used [0x00000000ef680000,0x00000000ef680000,0x00000000f1900000)
 ParOldGen       total 331264K, used 225051K [0x00000000c0000000, 0x00000000d4380000, 0x00000000eab00000)
  object space 331264K, 67% used [0x00000000c0000000,0x00000000cdbc6d20,0x00000000d4380000)
 Metaspace       used 68871K, committed 70208K, reserved 1114112K
  class space    used 7297K, committed 7936K, reserved 1048576K
}
Event: 28.784 GC heap after
{Heap after GC invocations=164 (full 6):
 PSYoungGen      total 72704K, used 35313K [0x00000000eab00000, 0x00000000f2380000, 0x0000000100000000)
  eden space 37376K, 0% used [0x00000000eab00000,0x00000000eab00000,0x00000000ecf80000)
  from space 35328K, 99% used [0x00000000ef680000,0x00000000f18fc6f0,0x00000000f1900000)
  to   space 39936K, 0% used [0x00000000ecf80000,0x00000000ecf80000,0x00000000ef680000)
 ParOldGen       total 331264K, used 228561K [0x00000000c0000000, 0x00000000d4380000, 0x00000000eab00000)
  object space 331264K, 68% used [0x00000000c0000000,0x00000000cdf34450,0x00000000d4380000)
 Metaspace       used 68871K, committed 70208K, reserved 1114112K
  class space    used 7297K, committed 7936K, reserved 1048576K
}

