# JRE version: OpenJDK Runtime Environment Temurin-17.0.13+11 (17.0.13+11) (build 17.0.13+11)
# Java VM: OpenJDK 64-Bit Server VM Temurin-17.0.13+11 (17.0.13+11, mixed mode, tiered, compressed oops, compressed class ptrs, g1 gc, windows-amd64)
GC Precious Log:
 CPUs: 8 total, 8 available
 Memory: 3917M
 Large Page Support: Disabled
 NUMA Support: Disabled
 Compressed Oops: Enabled (32-bit)
 Heap Region Size: 1M
 Heap Min Capacity: 8M
 Heap Initial Capacity: 62M
 Heap Max Capacity: 980M
 Pre-touch: Disabled
 Parallel Workers: 8
 Concurrent Workers: 2
 Concurrent Refinement Workers: 8
 Periodic GC: Disabled
Heap:
 garbage-first heap   total 70656K, used 34120K [0x00000000c2c00000, 0x0000000100000000)
  region size 1024K, 12 young (12288K), 3 survivors (3072K)
 Metaspace       used 50921K, committed 51520K, reserved 1114112K
  class space    used 6179K, committed 6528K, reserved 1048576K
GC Heap History (20 events):
Event: 1621.975 GC heap before
{Heap before GC invocations=36 (full 1):
 garbage-first heap   total 55296K, used 40670K [0x00000000c2c00000, 0x0000000100000000)
  region size 1024K, 19 young (19456K), 2 survivors (2048K)
 Metaspace       used 50780K, committed 51392K, reserved 1114112K
  class space    used 6256K, committed 6528K, reserved 1048576K
}
Event: 1622.011 GC heap after
{Heap after GC invocations=37 (full 1):
 garbage-first heap   total 55296K, used 25209K [0x00000000c2c00000, 0x0000000100000000)
  region size 1024K, 3 young (3072K), 3 survivors (3072K)
 Metaspace       used 50780K, committed 51392K, reserved 1114112K
  class space    used 6256K, committed 6528K, reserved 1048576K
}
Event: 2305.877 GC heap before
{Heap before GC invocations=37 (full 1):
 garbage-first heap   total 55296K, used 41593K [0x00000000c2c00000, 0x0000000100000000)
  region size 1024K, 19 young (19456K), 3 survivors (3072K)
 Metaspace       used 50868K, committed 51456K, reserved 1114112K
  class space    used 6257K, committed 6528K, reserved 1048576K
}
Event: 2305.899 GC heap after
{Heap after GC invocations=38 (full 1):
 garbage-first heap   total 55296K, used 25252K [0x00000000c2c00000, 0x0000000100000000)
  region size 1024K, 2 young (2048K), 2 survivors (2048K)
 Metaspace       used 50868K, committed 51456K, reserved 1114112K
  class space    used 6257K, committed 6528K, reserved 1048576K
}
Event: 2354.503 GC heap before
{Heap before GC invocations=38 (full 1):
 garbage-first heap   total 55296K, used 26276K [0x00000000c2c00000, 0x0000000100000000)
  region size 1024K, 4 young (4096K), 2 survivors (2048K)
 Metaspace       used 50892K, committed 51456K, reserved 1114112K
  class space    used 6257K, committed 6528K, reserved 1048576K
}
Event: 2356.707 GC heap after
{Heap after GC invocations=39 (full 2):
 garbage-first heap   total 55296K, used 17049K [0x00000000c2c00000, 0x0000000100000000)
  region size 1024K, 0 young (0K), 0 survivors (0K)
 Metaspace       used 50454K, committed 51456K, reserved 1114112K
  class space    used 6164K, committed 6528K, reserved 1048576K
}
Event: 2359.923 GC heap before
{Heap before GC invocations=39 (full 2):
 garbage-first heap   total 55296K, used 41625K [0x00000000c2c00000, 0x0000000100000000)
  region size 1024K, 25 young (25600K), 0 survivors (0K)
 Metaspace       used 50555K, committed 51456K, reserved 1114112K
  class space    used 6167K, committed 6528K, reserved 1048576K
}
Event: 2360.030 GC heap after
{Heap after GC invocations=40 (full 2):
 garbage-first heap   total 55296K, used 19357K [0x00000000c2c00000, 0x0000000100000000)
  region size 1024K, 3 young (3072K), 3 survivors (3072K)
 Metaspace       used 50555K, committed 51456K, reserved 1114112K
  class space    used 6167K, committed 6528K, reserved 1048576K
}
Event: 2361.084 GC heap before
{Heap before GC invocations=40 (full 2):
 garbage-first heap   total 55296K, used 41885K [0x00000000c2c00000, 0x0000000100000000)
  region size 1024K, 25 young (25600K), 3 survivors (3072K)
 Metaspace       used 50641K, committed 51456K, reserved 1114112K
  class space    used 6171K, committed 6528K, reserved 1048576K
}
Event: 2361.095 GC heap after
{Heap after GC invocations=41 (full 2):
 garbage-first heap   total 55296K, used 22595K [0x00000000c2c00000, 0x0000000100000000)
  region size 1024K, 4 young (4096K), 4 survivors (4096K)
 Metaspace       used 50641K, committed 51456K, reserved 1114112K
  class space    used 6171K, committed 6528K, reserved 1048576K
}
Event: 2363.344 GC heap before
{Heap before GC invocations=41 (full 2):
 garbage-first heap   total 55296K, used 32835K [0x00000000c2c00000, 0x0000000100000000)
  region size 1024K, 15 young (15360K), 4 survivors (4096K)
 Metaspace       used 50698K, committed 51456K, reserved 1114112K
  class space    used 6172K, committed 6528K, reserved 1048576K
}
Event: 2363.426 GC heap after
{Heap after GC invocations=42 (full 3):
 garbage-first heap   total 55296K, used 21204K [0x00000000c2c00000, 0x0000000100000000)
  region size 1024K, 0 young (0K), 0 survivors (0K)
 Metaspace       used 50698K, committed 51456K, reserved 1114112K
  class space    used 6172K, committed 6528K, reserved 1048576K
}
Event: 2364.208 GC heap before
{Heap before GC invocations=42 (full 3):
 garbage-first heap   total 55296K, used 40660K [0x00000000c2c00000, 0x0000000100000000)
  region size 1024K, 19 young (19456K), 0 survivors (0K)
 Metaspace       used 50727K, committed 51456K, reserved 1114112K
  class space    used 6173K, committed 6528K, reserved 1048576K
}
Event: 2364.214 GC heap after
{Heap after GC invocations=43 (full 3):
 garbage-first heap   total 70656K, used 23895K [0x00000000c2c00000, 0x0000000100000000)
  region size 1024K, 3 young (3072K), 3 survivors (3072K)
 Metaspace       used 50727K, committed 51456K, reserved 1114112K
  class space    used 6173K, committed 6528K, reserved 1048576K
}
Event: 2365.361 GC heap before
{Heap before GC invocations=43 (full 3):
 garbage-first heap   total 70656K, used 50519K [0x00000000c2c00000, 0x0000000100000000)
  region size 1024K, 29 young (29696K), 3 survivors (3072K)
 Metaspace       used 50790K, committed 51456K, reserved 1114112K
  class space    used 6175K, committed 6528K, reserved 1048576K
}
Event: 2365.375 GC heap after
{Heap after GC invocations=44 (full 3):
 garbage-first heap   total 70656K, used 25300K [0x00000000c2c00000, 0x0000000100000000)
  region size 1024K, 3 young (3072K), 3 survivors (3072K)
 Metaspace       used 50790K, committed 51456K, reserved 1114112K
  class space    used 6175K, committed 6528K, reserved 1048576K
}
Event: 2379.262 GC heap before
{Heap before GC invocations=44 (full 3):
 garbage-first heap   total 70656K, used 34516K [0x00000000c2c00000, 0x0000000100000000)
  region size 1024K, 13 young (13312K), 3 survivors (3072K)
 Metaspace       used 50839K, committed 51456K, reserved 1114112K
  class space    used 6176K, committed 6528K, reserved 1048576K
}
Event: 2379.355 GC heap after
{Heap after GC invocations=45 (full 4):
 garbage-first heap   total 70656K, used 23425K [0x00000000c2c00000, 0x0000000100000000)
  region size 1024K, 0 young (0K), 0 survivors (0K)
 Metaspace       used 50839K, committed 51456K, reserved 1114112K
  class space    used 6176K, committed 6528K, reserved 1048576K
}
Event: 2381.072 GC heap before
{Heap before GC invocations=45 (full 4):
 garbage-first heap   total 70656K, used 52097K [0x00000000c2c00000, 0x0000000100000000)
  region size 1024K, 28 young (28672K), 0 survivors (0K)
 Metaspace       used 50899K, committed 51520K, reserved 1114112K
  class space    used 6178K, committed 6528K, reserved 1048576K
}
Event: 2381.080 GC heap after
{Heap after GC invocations=46 (full 4):
 garbage-first heap   total 70656K, used 25928K [0x00000000c2c00000, 0x0000000100000000)
  region size 1024K, 3 young (3072K), 3 survivors (3072K)
 Metaspace       used 50899K, committed 51520K, reserved 1114112K
  class space    used 6178K, committed 6528K, reserved 1048576K
}

