# JRE version: OpenJDK Runtime Environment Temurin-17.0.13+11 (17.0.13+11) (build 17.0.13+11)
# Java VM: OpenJDK 64-Bit Server VM Temurin-17.0.13+11 (17.0.13+11, mixed mode, tiered, compressed oops, compressed class ptrs, g1 gc, windows-amd64)
GC Precious Log:
 CPUs: 8 total, 8 available
 Memory: 3917M
 Large Page Support: Disabled
 NUMA Support: Disabled
 Compressed Oops: Enabled (32-bit)
 Heap Region Size: 1M
 Heap Min Capacity: 8M
 Heap Initial Capacity: 62M
 Heap Max Capacity: 980M
 Pre-touch: Disabled
 Parallel Workers: 8
 Concurrent Workers: 2
 Concurrent Refinement Workers: 8
 Periodic GC: Disabled
Heap:
 garbage-first heap   total 55296K, used 33491K [0x00000000c2c00000, 0x0000000100000000)
  region size 1024K, 14 young (14336K), 1 survivors (1024K)
 Metaspace       used 48717K, committed 49280K, reserved 1114112K
  class space    used 6185K, committed 6464K, reserved 1048576K
GC Heap History (20 events):
Event: 3.070 GC heap before
{Heap before GC invocations=7 (full 0):
 garbage-first heap   total 30720K, used 23073K [0x00000000c2c00000, 0x0000000100000000)
  region size 1024K, 14 young (14336K), 2 survivors (2048K)
 Metaspace       used 28676K, committed 29056K, reserved 1114112K
  class space    used 3427K, committed 3584K, reserved 1048576K
}
Event: 3.074 GC heap after
{Heap after GC invocations=8 (full 0):
 garbage-first heap   total 30720K, used 12005K [0x00000000c2c00000, 0x0000000100000000)
  region size 1024K, 2 young (2048K), 2 survivors (2048K)
 Metaspace       used 28676K, committed 29056K, reserved 1114112K
  class space    used 3427K, committed 3584K, reserved 1048576K
}
Event: 3.280 GC heap before
{Heap before GC invocations=8 (full 0):
 garbage-first heap   total 30720K, used 22245K [0x00000000c2c00000, 0x0000000100000000)
  region size 1024K, 12 young (12288K), 2 survivors (2048K)
 Metaspace       used 29210K, committed 29504K, reserved 1114112K
  class space    used 3486K, committed 3648K, reserved 1048576K
}
Event: 3.282 GC heap after
{Heap after GC invocations=9 (full 0):
 garbage-first heap   total 30720K, used 12618K [0x00000000c2c00000, 0x0000000100000000)
  region size 1024K, 2 young (2048K), 2 survivors (2048K)
 Metaspace       used 29210K, committed 29504K, reserved 1114112K
  class space    used 3486K, committed 3648K, reserved 1048576K
}
Event: 3.532 GC heap before
{Heap before GC invocations=9 (full 0):
 garbage-first heap   total 30720K, used 21834K [0x00000000c2c00000, 0x0000000100000000)
  region size 1024K, 12 young (12288K), 2 survivors (2048K)
 Metaspace       used 30571K, committed 30912K, reserved 1114112K
  class space    used 3671K, committed 3840K, reserved 1048576K
}
Event: 3.535 GC heap after
{Heap after GC invocations=10 (full 0):
 garbage-first heap   total 30720K, used 13434K [0x00000000c2c00000, 0x0000000100000000)
  region size 1024K, 2 young (2048K), 2 survivors (2048K)
 Metaspace       used 30571K, committed 30912K, reserved 1114112K
  class space    used 3671K, committed 3840K, reserved 1048576K
}
Event: 3.781 GC heap before
{Heap before GC invocations=10 (full 0):
 garbage-first heap   total 30720K, used 23674K [0x00000000c2c00000, 0x0000000100000000)
  region size 1024K, 12 young (12288K), 2 survivors (2048K)
 Metaspace       used 31818K, committed 32192K, reserved 1114112K
  class space    used 3868K, committed 4032K, reserved 1048576K
}
Event: 3.784 GC heap after
{Heap after GC invocations=11 (full 0):
 garbage-first heap   total 30720K, used 14351K [0x00000000c2c00000, 0x0000000100000000)
  region size 1024K, 2 young (2048K), 2 survivors (2048K)
 Metaspace       used 31818K, committed 32192K, reserved 1114112K
  class space    used 3868K, committed 4032K, reserved 1048576K
}
Event: 3.975 GC heap before
{Heap before GC invocations=11 (full 0):
 garbage-first heap   total 30720K, used 22543K [0x00000000c2c00000, 0x0000000100000000)
  region size 1024K, 11 young (11264K), 2 survivors (2048K)
 Metaspace       used 33368K, committed 33856K, reserved 1114112K
  class space    used 4092K, committed 4352K, reserved 1048576K
}
Event: 3.978 GC heap after
{Heap after GC invocations=12 (full 0):
 garbage-first heap   total 46080K, used 15120K [0x00000000c2c00000, 0x0000000100000000)
  region size 1024K, 2 young (2048K), 2 survivors (2048K)
 Metaspace       used 33368K, committed 33856K, reserved 1114112K
  class space    used 4092K, committed 4352K, reserved 1048576K
}
Event: 4.410 GC heap before
{Heap before GC invocations=12 (full 0):
 garbage-first heap   total 46080K, used 29456K [0x00000000c2c00000, 0x0000000100000000)
  region size 1024K, 17 young (17408K), 2 survivors (2048K)
 Metaspace       used 35878K, committed 36288K, reserved 1114112K
  class space    used 4425K, committed 4608K, reserved 1048576K
}
Event: 4.413 GC heap after
{Heap after GC invocations=13 (full 0):
 garbage-first heap   total 46080K, used 16641K [0x00000000c2c00000, 0x0000000100000000)
  region size 1024K, 3 young (3072K), 3 survivors (3072K)
 Metaspace       used 35878K, committed 36288K, reserved 1114112K
  class space    used 4425K, committed 4608K, reserved 1048576K
}
Event: 4.826 GC heap before
{Heap before GC invocations=14 (full 0):
 garbage-first heap   total 46080K, used 34049K [0x00000000c2c00000, 0x0000000100000000)
  region size 1024K, 21 young (21504K), 3 survivors (3072K)
 Metaspace       used 38960K, committed 39424K, reserved 1114112K
  class space    used 4829K, committed 5056K, reserved 1048576K
}
Event: 4.830 GC heap after
{Heap after GC invocations=15 (full 0):
 garbage-first heap   total 46080K, used 18078K [0x00000000c2c00000, 0x0000000100000000)
  region size 1024K, 3 young (3072K), 3 survivors (3072K)
 Metaspace       used 38960K, committed 39424K, reserved 1114112K
  class space    used 4829K, committed 5056K, reserved 1048576K
}
Event: 5.233 GC heap before
{Heap before GC invocations=15 (full 0):
 garbage-first heap   total 46080K, used 34462K [0x00000000c2c00000, 0x0000000100000000)
  region size 1024K, 20 young (20480K), 3 survivors (3072K)
 Metaspace       used 41603K, committed 42048K, reserved 1114112K
  class space    used 5193K, committed 5376K, reserved 1048576K
}
Event: 5.238 GC heap after
{Heap after GC invocations=16 (full 0):
 garbage-first heap   total 46080K, used 20146K [0x00000000c2c00000, 0x0000000100000000)
  region size 1024K, 2 young (2048K), 2 survivors (2048K)
 Metaspace       used 41603K, committed 42048K, reserved 1114112K
  class space    used 5193K, committed 5376K, reserved 1048576K
}
Event: 5.564 GC heap before
{Heap before GC invocations=16 (full 0):
 garbage-first heap   total 46080K, used 35506K [0x00000000c2c00000, 0x0000000100000000)
  region size 1024K, 17 young (17408K), 2 survivors (2048K)
 Metaspace       used 43337K, committed 43776K, reserved 1114112K
  class space    used 5469K, committed 5696K, reserved 1048576K
}
Event: 5.568 GC heap after
{Heap after GC invocations=17 (full 0):
 garbage-first heap   total 46080K, used 21215K [0x00000000c2c00000, 0x0000000100000000)
  region size 1024K, 2 young (2048K), 2 survivors (2048K)
 Metaspace       used 43337K, committed 43776K, reserved 1114112K
  class space    used 5469K, committed 5696K, reserved 1048576K
}
Event: 18.146 GC heap before
{Heap before GC invocations=17 (full 0):
 garbage-first heap   total 46080K, used 34527K [0x00000000c2c00000, 0x0000000100000000)
  region size 1024K, 16 young (16384K), 2 survivors (2048K)
 Metaspace       used 46123K, committed 46656K, reserved 1114112K
  class space    used 5843K, committed 6080K, reserved 1048576K
}
Event: 18.149 GC heap after
{Heap after GC invocations=18 (full 0):
 garbage-first heap   total 55296K, used 22227K [0x00000000c2c00000, 0x0000000100000000)
  region size 1024K, 1 young (1024K), 1 survivors (1024K)
 Metaspace       used 46123K, committed 46656K, reserved 1114112K
  class space    used 5843K, committed 6080K, reserved 1048576K
}

