# JRE version: OpenJDK Runtime Environment Temurin-17.0.13+11 (17.0.13+11) (build 17.0.13+11)
# Java VM: OpenJDK 64-Bit Server VM Temurin-17.0.13+11 (17.0.13+11, mixed mode, tiered, compressed oops, compressed class ptrs, parallel gc, windows-amd64)
GC Precious Log:
 CPUs: 8 total, 8 available
 Memory: 3917M
 Large Page Support: Disabled
 NUMA Support: Disabled
 Compressed Oops: Enabled (32-bit)
 Alignments: Space 512K, Generation 512K, Heap 2M
 Heap Min Capacity: 100M
 Heap Initial Capacity: 100M
 Heap Max Capacity: 1G
 Pre-touch: Disabled
 Parallel Workers: 8
Heap:
 PSYoungGen      total 18432K, used 2741K [0x00000000eab00000, 0x00000000ec000000, 0x0000000100000000)
  eden space 15360K, 0% used [0x00000000eab00000,0x00000000eab00058,0x00000000eba00000)
  from space 3072K, 89% used [0x00000000ebc80000,0x00000000ebf2d778,0x00000000ebf80000)
  to   space 2560K, 0% used [0x00000000eba00000,0x00000000eba00000,0x00000000ebc80000)
 ParOldGen       total 313344K, used 311785K [0x00000000c0000000, 0x00000000d3200000, 0x00000000eab00000)
  object space 313344K, 99% used [0x00000000c0000000,0x00000000d307a788,0x00000000d3200000)
 Metaspace       used 69455K, committed 70784K, reserved 1114112K
  class space    used 7311K, committed 7936K, reserved 1048576K
GC Heap History (20 events):
Event: 74.634 GC heap before
{Heap before GC invocations=302 (full 11):
 PSYoungGen      total 12800K, used 12368K [0x00000000eab00000, 0x00000000eba00000, 0x0000000100000000)
  eden space 10752K, 100% used [0x00000000eab00000,0x00000000eb580000,0x00000000eb580000)
  from space 2048K, 78% used [0x00000000eb800000,0x00000000eb994360,0x00000000eba00000)
  to   space 2048K, 0% used [0x00000000eb600000,0x00000000eb600000,0x00000000eb800000)
 ParOldGen       total 313344K, used 308719K [0x00000000c0000000, 0x00000000d3200000, 0x00000000eab00000)
  object space 313344K, 98% used [0x00000000c0000000,0x00000000d2d7bfe0,0x00000000d3200000)
 Metaspace       used 69290K, committed 70528K, reserved 1114112K
  class space    used 7291K, committed 7872K, reserved 1048576K
}
Event: 74.638 GC heap after
{Heap after GC invocations=302 (full 11):
 PSYoungGen      total 13312K, used 1670K [0x00000000eab00000, 0x00000000eba80000, 0x0000000100000000)
  eden space 11264K, 0% used [0x00000000eab00000,0x00000000eab00000,0x00000000eb600000)
  from space 2048K, 81% used [0x00000000eb600000,0x00000000eb7a1808,0x00000000eb800000)
  to   space 2048K, 0% used [0x00000000eb880000,0x00000000eb880000,0x00000000eba80000)
 ParOldGen       total 313344K, used 308952K [0x00000000c0000000, 0x00000000d3200000, 0x00000000eab00000)
  object space 313344K, 98% used [0x00000000c0000000,0x00000000d2db6000,0x00000000d3200000)
 Metaspace       used 69290K, committed 70528K, reserved 1114112K
  class space    used 7291K, committed 7872K, reserved 1048576K
}
Event: 74.711 GC heap before
{Heap before GC invocations=303 (full 11):
 PSYoungGen      total 13312K, used 12934K [0x00000000eab00000, 0x00000000eba80000, 0x0000000100000000)
  eden space 11264K, 100% used [0x00000000eab00000,0x00000000eb600000,0x00000000eb600000)
  from space 2048K, 81% used [0x00000000eb600000,0x00000000eb7a1808,0x00000000eb800000)
  to   space 2048K, 0% used [0x00000000eb880000,0x00000000eb880000,0x00000000eba80000)
 ParOldGen       total 313344K, used 308952K [0x00000000c0000000, 0x00000000d3200000, 0x00000000eab00000)
  object space 313344K, 98% used [0x00000000c0000000,0x00000000d2db6000,0x00000000d3200000)
 Metaspace       used 69382K, committed 70656K, reserved 1114112K
  class space    used 7303K, committed 7872K, reserved 1048576K
}
Event: 74.714 GC heap after
{Heap after GC invocations=303 (full 11):
 PSYoungGen      total 13824K, used 1874K [0x00000000eab00000, 0x00000000ebb00000, 0x0000000100000000)
  eden space 11776K, 0% used [0x00000000eab00000,0x00000000eab00000,0x00000000eb680000)
  from space 2048K, 91% used [0x00000000eb880000,0x00000000eba54a88,0x00000000eba80000)
  to   space 2048K, 0% used [0x00000000eb680000,0x00000000eb680000,0x00000000eb880000)
 ParOldGen       total 313344K, used 309104K [0x00000000c0000000, 0x00000000d3200000, 0x00000000eab00000)
  object space 313344K, 98% used [0x00000000c0000000,0x00000000d2ddc000,0x00000000d3200000)
 Metaspace       used 69382K, committed 70656K, reserved 1114112K
  class space    used 7303K, committed 7872K, reserved 1048576K
}
Event: 74.783 GC heap before
{Heap before GC invocations=304 (full 11):
 PSYoungGen      total 13824K, used 13650K [0x00000000eab00000, 0x00000000ebb00000, 0x0000000100000000)
  eden space 11776K, 100% used [0x00000000eab00000,0x00000000eb680000,0x00000000eb680000)
  from space 2048K, 91% used [0x00000000eb880000,0x00000000eba54a88,0x00000000eba80000)
  to   space 2048K, 0% used [0x00000000eb680000,0x00000000eb680000,0x00000000eb880000)
 ParOldGen       total 313344K, used 309104K [0x00000000c0000000, 0x00000000d3200000, 0x00000000eab00000)
  object space 313344K, 98% used [0x00000000c0000000,0x00000000d2ddc000,0x00000000d3200000)
 Metaspace       used 69438K, committed 70720K, reserved 1114112K
  class space    used 7311K, committed 7936K, reserved 1048576K
}
Event: 74.786 GC heap after
{Heap after GC invocations=304 (full 11):
 PSYoungGen      total 13824K, used 1839K [0x00000000eab00000, 0x00000000ebb80000, 0x0000000100000000)
  eden space 11776K, 0% used [0x00000000eab00000,0x00000000eab00000,0x00000000eb680000)
  from space 2048K, 89% used [0x00000000eb680000,0x00000000eb84be18,0x00000000eb880000)
  to   space 2048K, 0% used [0x00000000eb980000,0x00000000eb980000,0x00000000ebb80000)
 ParOldGen       total 313344K, used 309311K [0x00000000c0000000, 0x00000000d3200000, 0x00000000eab00000)
  object space 313344K, 98% used [0x00000000c0000000,0x00000000d2e0fdb0,0x00000000d3200000)
 Metaspace       used 69438K, committed 70720K, reserved 1114112K
  class space    used 7311K, committed 7936K, reserved 1048576K
}
Event: 74.808 GC heap before
{Heap before GC invocations=305 (full 11):
 PSYoungGen      total 13824K, used 13615K [0x00000000eab00000, 0x00000000ebb80000, 0x0000000100000000)
  eden space 11776K, 100% used [0x00000000eab00000,0x00000000eb680000,0x00000000eb680000)
  from space 2048K, 89% used [0x00000000eb680000,0x00000000eb84be18,0x00000000eb880000)
  to   space 2048K, 0% used [0x00000000eb980000,0x00000000eb980000,0x00000000ebb80000)
 ParOldGen       total 313344K, used 309311K [0x00000000c0000000, 0x00000000d3200000, 0x00000000eab00000)
  object space 313344K, 98% used [0x00000000c0000000,0x00000000d2e0fdb0,0x00000000d3200000)
 Metaspace       used 69449K, committed 70784K, reserved 1114112K
  class space    used 7311K, committed 7936K, reserved 1048576K
}
Event: 74.811 GC heap after
{Heap after GC invocations=305 (full 11):
 PSYoungGen      total 14336K, used 2039K [0x00000000eab00000, 0x00000000ebc80000, 0x0000000100000000)
  eden space 12288K, 0% used [0x00000000eab00000,0x00000000eab00000,0x00000000eb700000)
  from space 2048K, 99% used [0x00000000eb980000,0x00000000ebb7df20,0x00000000ebb80000)
  to   space 2560K, 0% used [0x00000000eb700000,0x00000000eb700000,0x00000000eb980000)
 ParOldGen       total 313344K, used 309506K [0x00000000c0000000, 0x00000000d3200000, 0x00000000eab00000)
  object space 313344K, 98% used [0x00000000c0000000,0x00000000d2e40888,0x00000000d3200000)
 Metaspace       used 69449K, committed 70784K, reserved 1114112K
  class space    used 7311K, committed 7936K, reserved 1048576K
}
Event: 74.827 GC heap before
{Heap before GC invocations=306 (full 11):
 PSYoungGen      total 14336K, used 14327K [0x00000000eab00000, 0x00000000ebc80000, 0x0000000100000000)
  eden space 12288K, 100% used [0x00000000eab00000,0x00000000eb700000,0x00000000eb700000)
  from space 2048K, 99% used [0x00000000eb980000,0x00000000ebb7df20,0x00000000ebb80000)
  to   space 2560K, 0% used [0x00000000eb700000,0x00000000eb700000,0x00000000eb980000)
 ParOldGen       total 313344K, used 309506K [0x00000000c0000000, 0x00000000d3200000, 0x00000000eab00000)
  object space 313344K, 98% used [0x00000000c0000000,0x00000000d2e40888,0x00000000d3200000)
 Metaspace       used 69449K, committed 70784K, reserved 1114112K
  class space    used 7311K, committed 7936K, reserved 1048576K
}
Event: 74.830 GC heap after
{Heap after GC invocations=306 (full 11):
 PSYoungGen      total 14848K, used 2312K [0x00000000eab00000, 0x00000000ebd00000, 0x0000000100000000)
  eden space 12288K, 0% used [0x00000000eab00000,0x00000000eab00000,0x00000000eb700000)
  from space 2560K, 90% used [0x00000000eb700000,0x00000000eb9421c0,0x00000000eb980000)
  to   space 2560K, 0% used [0x00000000eba80000,0x00000000eba80000,0x00000000ebd00000)
 ParOldGen       total 313344K, used 309562K [0x00000000c0000000, 0x00000000d3200000, 0x00000000eab00000)
  object space 313344K, 98% used [0x00000000c0000000,0x00000000d2e4e888,0x00000000d3200000)
 Metaspace       used 69449K, committed 70784K, reserved 1114112K
  class space    used 7311K, committed 7936K, reserved 1048576K
}
Event: 74.889 GC heap before
{Heap before GC invocations=307 (full 11):
 PSYoungGen      total 14848K, used 14600K [0x00000000eab00000, 0x00000000ebd00000, 0x0000000100000000)
  eden space 12288K, 100% used [0x00000000eab00000,0x00000000eb700000,0x00000000eb700000)
  from space 2560K, 90% used [0x00000000eb700000,0x00000000eb9421c0,0x00000000eb980000)
  to   space 2560K, 0% used [0x00000000eba80000,0x00000000eba80000,0x00000000ebd00000)
 ParOldGen       total 313344K, used 309562K [0x00000000c0000000, 0x00000000d3200000, 0x00000000eab00000)
  object space 313344K, 98% used [0x00000000c0000000,0x00000000d2e4e888,0x00000000d3200000)
 Metaspace       used 69450K, committed 70784K, reserved 1114112K
  class space    used 7311K, committed 7936K, reserved 1048576K
}
Event: 74.893 GC heap after
{Heap after GC invocations=307 (full 11):
 PSYoungGen      total 15872K, used 2440K [0x00000000eab00000, 0x00000000ebd00000, 0x0000000100000000)
  eden space 13312K, 0% used [0x00000000eab00000,0x00000000eab00000,0x00000000eb800000)
  from space 2560K, 95% used [0x00000000eba80000,0x00000000ebce21c0,0x00000000ebd00000)
  to   space 2560K, 0% used [0x00000000eb800000,0x00000000eb800000,0x00000000eba80000)
 ParOldGen       total 313344K, used 309562K [0x00000000c0000000, 0x00000000d3200000, 0x00000000eab00000)
  object space 313344K, 98% used [0x00000000c0000000,0x00000000d2e4e888,0x00000000d3200000)
 Metaspace       used 69450K, committed 70784K, reserved 1114112K
  class space    used 7311K, committed 7936K, reserved 1048576K
}
Event: 74.929 GC heap before
{Heap before GC invocations=308 (full 11):
 PSYoungGen      total 15872K, used 15752K [0x00000000eab00000, 0x00000000ebd00000, 0x0000000100000000)
  eden space 13312K, 100% used [0x00000000eab00000,0x00000000eb800000,0x00000000eb800000)
  from space 2560K, 95% used [0x00000000eba80000,0x00000000ebce21c0,0x00000000ebd00000)
  to   space 2560K, 0% used [0x00000000eb800000,0x00000000eb800000,0x00000000eba80000)
 ParOldGen       total 313344K, used 309562K [0x00000000c0000000, 0x00000000d3200000, 0x00000000eab00000)
  object space 313344K, 98% used [0x00000000c0000000,0x00000000d2e4e888,0x00000000d3200000)
 Metaspace       used 69451K, committed 70784K, reserved 1114112K
  class space    used 7311K, committed 7936K, reserved 1048576K
}
Event: 74.934 GC heap after
{Heap after GC invocations=308 (full 11):
 PSYoungGen      total 15872K, used 2550K [0x00000000eab00000, 0x00000000ebf80000, 0x0000000100000000)
  eden space 13312K, 0% used [0x00000000eab00000,0x00000000eab00000,0x00000000eb800000)
  from space 2560K, 99% used [0x00000000eb800000,0x00000000eba7d940,0x00000000eba80000)
  to   space 3072K, 0% used [0x00000000ebc80000,0x00000000ebc80000,0x00000000ebf80000)
 ParOldGen       total 313344K, used 309676K [0x00000000c0000000, 0x00000000d3200000, 0x00000000eab00000)
  object space 313344K, 98% used [0x00000000c0000000,0x00000000d2e6b3f8,0x00000000d3200000)
 Metaspace       used 69451K, committed 70784K, reserved 1114112K
  class space    used 7311K, committed 7936K, reserved 1048576K
}
Event: 74.955 GC heap before
{Heap before GC invocations=309 (full 11):
 PSYoungGen      total 15872K, used 15858K [0x00000000eab00000, 0x00000000ebf80000, 0x0000000100000000)
  eden space 13312K, 99% used [0x00000000eab00000,0x00000000eb7ff080,0x00000000eb800000)
  from space 2560K, 99% used [0x00000000eb800000,0x00000000eba7d940,0x00000000eba80000)
  to   space 3072K, 0% used [0x00000000ebc80000,0x00000000ebc80000,0x00000000ebf80000)
 ParOldGen       total 313344K, used 309676K [0x00000000c0000000, 0x00000000d3200000, 0x00000000eab00000)
  object space 313344K, 98% used [0x00000000c0000000,0x00000000d2e6b3f8,0x00000000d3200000)
 Metaspace       used 69451K, committed 70784K, reserved 1114112K
  class space    used 7311K, committed 7936K, reserved 1048576K
}
Event: 74.970 GC heap after
{Heap after GC invocations=309 (full 11):
 PSYoungGen      total 17920K, used 2616K [0x00000000eab00000, 0x00000000ec000000, 0x0000000100000000)
  eden space 14848K, 0% used [0x00000000eab00000,0x00000000eab00000,0x00000000eb980000)
  from space 3072K, 85% used [0x00000000ebc80000,0x00000000ebf0e0b8,0x00000000ebf80000)
  to   space 3072K, 0% used [0x00000000eb980000,0x00000000eb980000,0x00000000ebc80000)
 ParOldGen       total 313344K, used 309854K [0x00000000c0000000, 0x00000000d3200000, 0x00000000eab00000)
  object space 313344K, 98% used [0x00000000c0000000,0x00000000d2e97978,0x00000000d3200000)
 Metaspace       used 69451K, committed 70784K, reserved 1114112K
  class space    used 7311K, committed 7936K, reserved 1048576K
}
Event: 74.992 GC heap before
{Heap before GC invocations=310 (full 11):
 PSYoungGen      total 17920K, used 17464K [0x00000000eab00000, 0x00000000ec000000, 0x0000000100000000)
  eden space 14848K, 100% used [0x00000000eab00000,0x00000000eb980000,0x00000000eb980000)
  from space 3072K, 85% used [0x00000000ebc80000,0x00000000ebf0e0b8,0x00000000ebf80000)
  to   space 3072K, 0% used [0x00000000eb980000,0x00000000eb980000,0x00000000ebc80000)
 ParOldGen       total 313344K, used 309854K [0x00000000c0000000, 0x00000000d3200000, 0x00000000eab00000)
  object space 313344K, 98% used [0x00000000c0000000,0x00000000d2e97978,0x00000000d3200000)
 Metaspace       used 69451K, committed 70784K, reserved 1114112K
  class space    used 7311K, committed 7936K, reserved 1048576K
}
Event: 74.995 GC heap after
{Heap after GC invocations=310 (full 11):
 PSYoungGen      total 17920K, used 3022K [0x00000000eab00000, 0x00000000ec000000, 0x0000000100000000)
  eden space 14848K, 0% used [0x00000000eab00000,0x00000000eab00000,0x00000000eb980000)
  from space 3072K, 98% used [0x00000000eb980000,0x00000000ebc73888,0x00000000ebc80000)
  to   space 3072K, 0% used [0x00000000ebc80000,0x00000000ebc80000,0x00000000ebf80000)
 ParOldGen       total 313344K, used 309918K [0x00000000c0000000, 0x00000000d3200000, 0x00000000eab00000)
  object space 313344K, 98% used [0x00000000c0000000,0x00000000d2ea7978,0x00000000d3200000)
 Metaspace       used 69451K, committed 70784K, reserved 1114112K
  class space    used 7311K, committed 7936K, reserved 1048576K
}
Event: 75.023 GC heap before
{Heap before GC invocations=311 (full 11):
 PSYoungGen      total 17920K, used 17870K [0x00000000eab00000, 0x00000000ec000000, 0x0000000100000000)
  eden space 14848K, 100% used [0x00000000eab00000,0x00000000eb980000,0x00000000eb980000)
  from space 3072K, 98% used [0x00000000eb980000,0x00000000ebc73888,0x00000000ebc80000)
  to   space 3072K, 0% used [0x00000000ebc80000,0x00000000ebc80000,0x00000000ebf80000)
 ParOldGen       total 313344K, used 309918K [0x00000000c0000000, 0x00000000d3200000, 0x00000000eab00000)
  object space 313344K, 98% used [0x00000000c0000000,0x00000000d2ea7978,0x00000000d3200000)
 Metaspace       used 69451K, committed 70784K, reserved 1114112K
  class space    used 7311K, committed 7936K, reserved 1048576K
}
Event: 75.027 GC heap after
{Heap after GC invocations=311 (full 11):
 PSYoungGen      total 17920K, used 2752K [0x00000000eab00000, 0x00000000ec000000, 0x0000000100000000)
  eden space 14848K, 0% used [0x00000000eab00000,0x00000000eab00000,0x00000000eb980000)
  from space 3072K, 89% used [0x00000000ebc80000,0x00000000ebf30070,0x00000000ebf80000)
  to   space 3072K, 0% used [0x00000000eb980000,0x00000000eb980000,0x00000000ebc80000)
 ParOldGen       total 313344K, used 310070K [0x00000000c0000000, 0x00000000d3200000, 0x00000000eab00000)
  object space 313344K, 98% used [0x00000000c0000000,0x00000000d2ecd9e8,0x00000000d3200000)
 Metaspace       used 69451K, committed 70784K, reserved 1114112K
  class space    used 7311K, committed 7936K, reserved 1048576K
}

