# JRE version: OpenJDK Runtime Environment Temurin-17.0.13+11 (17.0.13+11) (build 17.0.13+11)
# Java VM: OpenJDK 64-Bit Server VM Temurin-17.0.13+11 (17.0.13+11, mixed mode, tiered, compressed oops, compressed class ptrs, parallel gc, windows-amd64)
GC Precious Log:
 CPUs: 8 total, 8 available
 Memory: 3917M
 Large Page Support: Disabled
 NUMA Support: Disabled
 Compressed Oops: Enabled (32-bit)
 Alignments: Space 512K, Generation 512K, Heap 2M
 Heap Min Capacity: 100M
 Heap Initial Capacity: 100M
 Heap Max Capacity: 1G
 Pre-touch: Disabled
 Parallel Workers: 8
Heap:
 PSYoungGen      total 5120K, used 1109K [0x00000000eab00000, 0x00000000eb200000, 0x0000000100000000)
  eden space 4096K, 13% used [0x00000000eab00000,0x00000000eab8d660,0x00000000eaf00000)
  from space 1024K, 53% used [0x00000000eb100000,0x00000000eb188000,0x00000000eb200000)
  to   space 1024K, 0% used [0x00000000eb000000,0x00000000eb000000,0x00000000eb100000)
 ParOldGen       total 140800K, used 118163K [0x00000000c0000000, 0x00000000c8980000, 0x00000000eab00000)
  object space 140800K, 83% used [0x00000000c0000000,0x00000000c7364f68,0x00000000c8980000)
 Metaspace       used 100314K, committed 101952K, reserved 1179648K
  class space    used 10724K, committed 11520K, reserved 1048576K
GC Heap History (20 events):
Event: 28639.250 GC heap before
{Heap before GC invocations=1244 (full 33):
 PSYoungGen      total 8704K, used 8476K [0x00000000eab00000, 0x00000000eb780000, 0x0000000100000000)
  eden space 8192K, 99% used [0x00000000eab00000,0x00000000eb2ff038,0x00000000eb300000)
  from space 512K, 56% used [0x00000000eb700000,0x00000000eb748020,0x00000000eb780000)
  to   space 512K, 0% used [0x00000000eb680000,0x00000000eb680000,0x00000000eb700000)
 ParOldGen       total 140800K, used 107293K [0x00000000c0000000, 0x00000000c8980000, 0x00000000eab00000)
  object space 140800K, 76% used [0x00000000c0000000,0x00000000c68c74a8,0x00000000c8980000)
 Metaspace       used 100128K, committed 101824K, reserved 1179648K
  class space    used 10707K, committed 11520K, reserved 1048576K
}
Event: 28639.258 GC heap after
{Heap after GC invocations=1244 (full 33):
 PSYoungGen      total 8704K, used 352K [0x00000000eab00000, 0x00000000eb780000, 0x0000000100000000)
  eden space 8192K, 0% used [0x00000000eab00000,0x00000000eab00000,0x00000000eb300000)
  from space 512K, 68% used [0x00000000eb680000,0x00000000eb6d8020,0x00000000eb700000)
  to   space 512K, 0% used [0x00000000eb700000,0x00000000eb700000,0x00000000eb780000)
 ParOldGen       total 140800K, used 107397K [0x00000000c0000000, 0x00000000c8980000, 0x00000000eab00000)
  object space 140800K, 76% used [0x00000000c0000000,0x00000000c68e14c8,0x00000000c8980000)
 Metaspace       used 100128K, committed 101824K, reserved 1179648K
  class space    used 10707K, committed 11520K, reserved 1048576K
}
Event: 28757.974 GC heap before
{Heap before GC invocations=1245 (full 33):
 PSYoungGen      total 8704K, used 8544K [0x00000000eab00000, 0x00000000eb780000, 0x0000000100000000)
  eden space 8192K, 100% used [0x00000000eab00000,0x00000000eb300000,0x00000000eb300000)
  from space 512K, 68% used [0x00000000eb680000,0x00000000eb6d8020,0x00000000eb700000)
  to   space 512K, 0% used [0x00000000eb700000,0x00000000eb700000,0x00000000eb780000)
 ParOldGen       total 140800K, used 107397K [0x00000000c0000000, 0x00000000c8980000, 0x00000000eab00000)
  object space 140800K, 76% used [0x00000000c0000000,0x00000000c68e14c8,0x00000000c8980000)
 Metaspace       used 100214K, committed 101824K, reserved 1179648K
  class space    used 10718K, committed 11520K, reserved 1048576K
}
Event: 28757.984 GC heap after
{Heap after GC invocations=1245 (full 33):
 PSYoungGen      total 8704K, used 384K [0x00000000eab00000, 0x00000000eb780000, 0x0000000100000000)
  eden space 8192K, 0% used [0x00000000eab00000,0x00000000eab00000,0x00000000eb300000)
  from space 512K, 75% used [0x00000000eb700000,0x00000000eb760000,0x00000000eb780000)
  to   space 512K, 0% used [0x00000000eb680000,0x00000000eb680000,0x00000000eb700000)
 ParOldGen       total 140800K, used 107397K [0x00000000c0000000, 0x00000000c8980000, 0x00000000eab00000)
  object space 140800K, 76% used [0x00000000c0000000,0x00000000c68e14c8,0x00000000c8980000)
 Metaspace       used 100214K, committed 101824K, reserved 1179648K
  class space    used 10718K, committed 11520K, reserved 1048576K
}
Event: 28785.390 GC heap before
{Heap before GC invocations=1246 (full 33):
 PSYoungGen      total 8704K, used 8576K [0x00000000eab00000, 0x00000000eb780000, 0x0000000100000000)
  eden space 8192K, 100% used [0x00000000eab00000,0x00000000eb300000,0x00000000eb300000)
  from space 512K, 75% used [0x00000000eb700000,0x00000000eb760000,0x00000000eb780000)
  to   space 512K, 0% used [0x00000000eb680000,0x00000000eb680000,0x00000000eb700000)
 ParOldGen       total 140800K, used 107397K [0x00000000c0000000, 0x00000000c8980000, 0x00000000eab00000)
  object space 140800K, 76% used [0x00000000c0000000,0x00000000c68e14c8,0x00000000c8980000)
 Metaspace       used 100256K, committed 101888K, reserved 1179648K
  class space    used 10724K, committed 11520K, reserved 1048576K
}
Event: 28785.397 GC heap after
{Heap after GC invocations=1246 (full 33):
 PSYoungGen      total 8704K, used 512K [0x00000000eab00000, 0x00000000eb780000, 0x0000000100000000)
  eden space 8192K, 0% used [0x00000000eab00000,0x00000000eab00000,0x00000000eb300000)
  from space 512K, 100% used [0x00000000eb680000,0x00000000eb700000,0x00000000eb700000)
  to   space 512K, 0% used [0x00000000eb700000,0x00000000eb700000,0x00000000eb780000)
 ParOldGen       total 140800K, used 107599K [0x00000000c0000000, 0x00000000c8980000, 0x00000000eab00000)
  object space 140800K, 76% used [0x00000000c0000000,0x00000000c6913de8,0x00000000c8980000)
 Metaspace       used 100256K, committed 101888K, reserved 1179648K
  class space    used 10724K, committed 11520K, reserved 1048576K
}
Event: 28785.500 GC heap before
{Heap before GC invocations=1247 (full 33):
 PSYoungGen      total 8704K, used 8704K [0x00000000eab00000, 0x00000000eb780000, 0x0000000100000000)
  eden space 8192K, 100% used [0x00000000eab00000,0x00000000eb300000,0x00000000eb300000)
  from space 512K, 100% used [0x00000000eb680000,0x00000000eb700000,0x00000000eb700000)
  to   space 512K, 0% used [0x00000000eb700000,0x00000000eb700000,0x00000000eb780000)
 ParOldGen       total 140800K, used 107599K [0x00000000c0000000, 0x00000000c8980000, 0x00000000eab00000)
  object space 140800K, 76% used [0x00000000c0000000,0x00000000c6913de8,0x00000000c8980000)
 Metaspace       used 100261K, committed 101888K, reserved 1179648K
  class space    used 10724K, committed 11520K, reserved 1048576K
}
Event: 28785.572 GC heap after
{Heap after GC invocations=1247 (full 33):
 PSYoungGen      total 8192K, used 500K [0x00000000eab00000, 0x00000000ebc00000, 0x0000000100000000)
  eden space 7680K, 0% used [0x00000000eab00000,0x00000000eab00000,0x00000000eb280000)
  from space 512K, 97% used [0x00000000eb700000,0x00000000eb77d200,0x00000000eb780000)
  to   space 4608K, 0% used [0x00000000eb280000,0x00000000eb280000,0x00000000eb700000)
 ParOldGen       total 140800K, used 111044K [0x00000000c0000000, 0x00000000c8980000, 0x00000000eab00000)
  object space 140800K, 78% used [0x00000000c0000000,0x00000000c6c71258,0x00000000c8980000)
 Metaspace       used 100261K, committed 101888K, reserved 1179648K
  class space    used 10724K, committed 11520K, reserved 1048576K
}
Event: 28785.658 GC heap before
{Heap before GC invocations=1248 (full 33):
 PSYoungGen      total 8192K, used 8180K [0x00000000eab00000, 0x00000000ebc00000, 0x0000000100000000)
  eden space 7680K, 100% used [0x00000000eab00000,0x00000000eb280000,0x00000000eb280000)
  from space 512K, 97% used [0x00000000eb700000,0x00000000eb77d200,0x00000000eb780000)
  to   space 4608K, 0% used [0x00000000eb280000,0x00000000eb280000,0x00000000eb700000)
 ParOldGen       total 140800K, used 111044K [0x00000000c0000000, 0x00000000c8980000, 0x00000000eab00000)
  object space 140800K, 78% used [0x00000000c0000000,0x00000000c6c71258,0x00000000c8980000)
 Metaspace       used 100264K, committed 101888K, reserved 1179648K
  class space    used 10724K, committed 11520K, reserved 1048576K
}
Event: 28785.665 GC heap after
{Heap after GC invocations=1248 (full 33):
 PSYoungGen      total 9216K, used 1332K [0x00000000eab00000, 0x00000000eb780000, 0x0000000100000000)
  eden space 7680K, 0% used [0x00000000eab00000,0x00000000eab00000,0x00000000eb280000)
  from space 1536K, 86% used [0x00000000eb280000,0x00000000eb3cd220,0x00000000eb400000)
  to   space 2560K, 0% used [0x00000000eb500000,0x00000000eb500000,0x00000000eb780000)
 ParOldGen       total 140800K, used 111553K [0x00000000c0000000, 0x00000000c8980000, 0x00000000eab00000)
  object space 140800K, 79% used [0x00000000c0000000,0x00000000c6cf0468,0x00000000c8980000)
 Metaspace       used 100264K, committed 101888K, reserved 1179648K
  class space    used 10724K, committed 11520K, reserved 1048576K
}
Event: 28785.689 GC heap before
{Heap before GC invocations=1249 (full 33):
 PSYoungGen      total 9216K, used 9012K [0x00000000eab00000, 0x00000000eb780000, 0x0000000100000000)
  eden space 7680K, 100% used [0x00000000eab00000,0x00000000eb280000,0x00000000eb280000)
  from space 1536K, 86% used [0x00000000eb280000,0x00000000eb3cd220,0x00000000eb400000)
  to   space 2560K, 0% used [0x00000000eb500000,0x00000000eb500000,0x00000000eb780000)
 ParOldGen       total 140800K, used 111553K [0x00000000c0000000, 0x00000000c8980000, 0x00000000eab00000)
  object space 140800K, 79% used [0x00000000c0000000,0x00000000c6cf0468,0x00000000c8980000)
 Metaspace       used 100266K, committed 101888K, reserved 1179648K
  class space    used 10724K, committed 11520K, reserved 1048576K
}
Event: 28785.701 GC heap after
{Heap after GC invocations=1249 (full 33):
 PSYoungGen      total 8192K, used 2557K [0x00000000eab00000, 0x00000000ebb80000, 0x0000000100000000)
  eden space 5632K, 0% used [0x00000000eab00000,0x00000000eab00000,0x00000000eb080000)
  from space 2560K, 99% used [0x00000000eb500000,0x00000000eb77f440,0x00000000eb780000)
  to   space 4608K, 0% used [0x00000000eb080000,0x00000000eb080000,0x00000000eb500000)
 ParOldGen       total 140800K, used 112797K [0x00000000c0000000, 0x00000000c8980000, 0x00000000eab00000)
  object space 140800K, 80% used [0x00000000c0000000,0x00000000c6e27688,0x00000000c8980000)
 Metaspace       used 100266K, committed 101888K, reserved 1179648K
  class space    used 10724K, committed 11520K, reserved 1048576K
}
Event: 28785.947 GC heap before
{Heap before GC invocations=1250 (full 33):
 PSYoungGen      total 8192K, used 8189K [0x00000000eab00000, 0x00000000ebb80000, 0x0000000100000000)
  eden space 5632K, 100% used [0x00000000eab00000,0x00000000eb080000,0x00000000eb080000)
  from space 2560K, 99% used [0x00000000eb500000,0x00000000eb77f440,0x00000000eb780000)
  to   space 4608K, 0% used [0x00000000eb080000,0x00000000eb080000,0x00000000eb500000)
 ParOldGen       total 140800K, used 112797K [0x00000000c0000000, 0x00000000c8980000, 0x00000000eab00000)
  object space 140800K, 80% used [0x00000000c0000000,0x00000000c6e27688,0x00000000c8980000)
 Metaspace       used 100275K, committed 101888K, reserved 1179648K
  class space    used 10724K, committed 11520K, reserved 1048576K
}
Event: 28785.952 GC heap after
{Heap after GC invocations=1250 (full 33):
 PSYoungGen      total 7680K, used 1681K [0x00000000eab00000, 0x00000000eb580000, 0x0000000100000000)
  eden space 5632K, 0% used [0x00000000eab00000,0x00000000eab00000,0x00000000eb080000)
  from space 2048K, 82% used [0x00000000eb080000,0x00000000eb224660,0x00000000eb280000)
  to   space 2560K, 0% used [0x00000000eb300000,0x00000000eb300000,0x00000000eb580000)
 ParOldGen       total 140800K, used 112893K [0x00000000c0000000, 0x00000000c8980000, 0x00000000eab00000)
  object space 140800K, 80% used [0x00000000c0000000,0x00000000c6e3f688,0x00000000c8980000)
 Metaspace       used 100275K, committed 101888K, reserved 1179648K
  class space    used 10724K, committed 11520K, reserved 1048576K
}
Event: 28786.317 GC heap before
{Heap before GC invocations=1251 (full 33):
 PSYoungGen      total 7680K, used 7313K [0x00000000eab00000, 0x00000000eb580000, 0x0000000100000000)
  eden space 5632K, 100% used [0x00000000eab00000,0x00000000eb080000,0x00000000eb080000)
  from space 2048K, 82% used [0x00000000eb080000,0x00000000eb224660,0x00000000eb280000)
  to   space 2560K, 0% used [0x00000000eb300000,0x00000000eb300000,0x00000000eb580000)
 ParOldGen       total 140800K, used 112893K [0x00000000c0000000, 0x00000000c8980000, 0x00000000eab00000)
  object space 140800K, 80% used [0x00000000c0000000,0x00000000c6e3f688,0x00000000c8980000)
 Metaspace       used 100278K, committed 101888K, reserved 1179648K
  class space    used 10724K, committed 11520K, reserved 1048576K
}
Event: 28786.339 GC heap after
{Heap after GC invocations=1251 (full 33):
 PSYoungGen      total 5632K, used 2548K [0x00000000eab00000, 0x00000000eba80000, 0x0000000100000000)
  eden space 3072K, 0% used [0x00000000eab00000,0x00000000eab00000,0x00000000eae00000)
  from space 2560K, 99% used [0x00000000eb300000,0x00000000eb57d260,0x00000000eb580000)
  to   space 5120K, 0% used [0x00000000eae00000,0x00000000eae00000,0x00000000eb300000)
 ParOldGen       total 140800K, used 114751K [0x00000000c0000000, 0x00000000c8980000, 0x00000000eab00000)
  object space 140800K, 81% used [0x00000000c0000000,0x00000000c700fce8,0x00000000c8980000)
 Metaspace       used 100278K, committed 101888K, reserved 1179648K
  class space    used 10724K, committed 11520K, reserved 1048576K
}
Event: 28786.349 GC heap before
{Heap before GC invocations=1252 (full 33):
 PSYoungGen      total 5632K, used 5620K [0x00000000eab00000, 0x00000000eba80000, 0x0000000100000000)
  eden space 3072K, 100% used [0x00000000eab00000,0x00000000eae00000,0x00000000eae00000)
  from space 2560K, 99% used [0x00000000eb300000,0x00000000eb57d260,0x00000000eb580000)
  to   space 5120K, 0% used [0x00000000eae00000,0x00000000eae00000,0x00000000eb300000)
 ParOldGen       total 140800K, used 114751K [0x00000000c0000000, 0x00000000c8980000, 0x00000000eab00000)
  object space 140800K, 81% used [0x00000000c0000000,0x00000000c700fce8,0x00000000c8980000)
 Metaspace       used 100278K, committed 101888K, reserved 1179648K
  class space    used 10724K, committed 11520K, reserved 1048576K
}
Event: 28786.367 GC heap after
{Heap after GC invocations=1252 (full 33):
 PSYoungGen      total 3584K, used 496K [0x00000000eab00000, 0x00000000eb380000, 0x0000000100000000)
  eden space 3072K, 0% used [0x00000000eab00000,0x00000000eab00000,0x00000000eae00000)
  from space 512K, 96% used [0x00000000eae00000,0x00000000eae7c010,0x00000000eae80000)
  to   space 2048K, 0% used [0x00000000eb180000,0x00000000eb180000,0x00000000eb380000)
 ParOldGen       total 140800K, used 117355K [0x00000000c0000000, 0x00000000c8980000, 0x00000000eab00000)
  object space 140800K, 83% used [0x00000000c0000000,0x00000000c729af48,0x00000000c8980000)
 Metaspace       used 100278K, committed 101888K, reserved 1179648K
  class space    used 10724K, committed 11520K, reserved 1048576K
}
Event: 28786.579 GC heap before
{Heap before GC invocations=1253 (full 33):
 PSYoungGen      total 3584K, used 3567K [0x00000000eab00000, 0x00000000eb380000, 0x0000000100000000)
  eden space 3072K, 99% used [0x00000000eab00000,0x00000000eadfffe0,0x00000000eae00000)
  from space 512K, 96% used [0x00000000eae00000,0x00000000eae7c010,0x00000000eae80000)
  to   space 2048K, 0% used [0x00000000eb180000,0x00000000eb180000,0x00000000eb380000)
 ParOldGen       total 140800K, used 117355K [0x00000000c0000000, 0x00000000c8980000, 0x00000000eab00000)
  object space 140800K, 83% used [0x00000000c0000000,0x00000000c729af48,0x00000000c8980000)
 Metaspace       used 100303K, committed 101888K, reserved 1179648K
  class space    used 10724K, committed 11520K, reserved 1048576K
}
Event: 28786.584 GC heap after
{Heap after GC invocations=1253 (full 33):
 PSYoungGen      total 5632K, used 1437K [0x00000000eab00000, 0x00000000eb300000, 0x0000000100000000)
  eden space 4096K, 0% used [0x00000000eab00000,0x00000000eab00000,0x00000000eaf00000)
  from space 1536K, 93% used [0x00000000eb180000,0x00000000eb2e7440,0x00000000eb300000)
  to   space 2048K, 0% used [0x00000000eaf00000,0x00000000eaf00000,0x00000000eb100000)
 ParOldGen       total 140800K, used 117771K [0x00000000c0000000, 0x00000000c8980000, 0x00000000eab00000)
  object space 140800K, 83% used [0x00000000c0000000,0x00000000c7302f68,0x00000000c8980000)
 Metaspace       used 100303K, committed 101888K, reserved 1179648K
  class space    used 10724K, committed 11520K, reserved 1048576K
}

