# JRE version: OpenJDK Runtime Environment Temurin-21.0.5+11 (21.0.5+11) (build 21.0.5+11-LTS)
# Java VM: OpenJDK 64-Bit Server VM Temurin-21.0.5+11 (21.0.5+11-LTS, mixed mode, sharing, tiered, compressed oops, compressed class ptrs, g1 gc, windows-amd64)
GC Precious Log:
 CardTable entry size: 512
 Card Set container configuration: InlinePtr #cards 5 size 8 Array Of Cards #cards 12 size 40 Howl #buckets 4 coarsen threshold 1843 Howl Bitmap #cards 512 size 80 coarsen threshold 460 Card regions per heap region 1 cards per card region 2048
 CPUs: 8 total, 8 available
 Memory: 3917M
 Large Page Support: Disabled
 NUMA Support: Disabled
 Compressed Oops: Enabled (32-bit)
 Heap Region Size: 1M
 Heap Min Capacity: 8M
 Heap Initial Capacity: 62M
 Heap Max Capacity: 980M
 Pre-touch: Disabled
 Parallel Workers: 8
 Concurrent Workers: 2
 Concurrent Refinement Workers: 8
 Periodic GC: Disabled
Heap:
 garbage-first heap   total 83968K, used 44901K [0x00000000c2c00000, 0x0000000100000000)
  region size 1024K, 8 young (8192K), 0 survivors (0K)
 Metaspace       used 90373K, committed 91328K, reserved 1179648K
  class space    used 11801K, committed 12224K, reserved 1048576K
GC Heap History (20 events):
Event: 21.919 GC heap before
{Heap before GC invocations=35 (full 0):
 garbage-first heap   total 60416K, used 52170K [0x00000000c2c00000, 0x0000000100000000)
  region size 1024K, 18 young (18432K), 3 survivors (3072K)
 Metaspace       used 75130K, committed 75904K, reserved 1179648K
  class space    used 9751K, committed 10112K, reserved 1048576K
}
Event: 21.925 GC heap after
{Heap after GC invocations=36 (full 0):
 garbage-first heap   total 83968K, used 37834K [0x00000000c2c00000, 0x0000000100000000)
  region size 1024K, 3 young (3072K), 3 survivors (3072K)
 Metaspace       used 75130K, committed 75904K, reserved 1179648K
  class space    used 9751K, committed 10112K, reserved 1048576K
}
Event: 22.907 GC heap before
{Heap before GC invocations=37 (full 0):
 garbage-first heap   total 83968K, used 74698K [0x00000000c2c00000, 0x0000000100000000)
  region size 1024K, 39 young (39936K), 3 survivors (3072K)
 Metaspace       used 76478K, committed 77376K, reserved 1179648K
  class space    used 9972K, committed 10368K, reserved 1048576K
}
Event: 22.916 GC heap after
{Heap after GC invocations=38 (full 0):
 garbage-first heap   total 83968K, used 39510K [0x00000000c2c00000, 0x0000000100000000)
  region size 1024K, 4 young (4096K), 4 survivors (4096K)
 Metaspace       used 76478K, committed 77376K, reserved 1179648K
  class space    used 9972K, committed 10368K, reserved 1048576K
}
Event: 23.695 GC heap before
{Heap before GC invocations=38 (full 0):
 garbage-first heap   total 83968K, used 74326K [0x00000000c2c00000, 0x0000000100000000)
  region size 1024K, 38 young (38912K), 4 survivors (4096K)
 Metaspace       used 77783K, committed 78656K, reserved 1179648K
  class space    used 10148K, committed 10560K, reserved 1048576K
}
Event: 23.703 GC heap after
{Heap after GC invocations=39 (full 0):
 garbage-first heap   total 83968K, used 40759K [0x00000000c2c00000, 0x0000000100000000)
  region size 1024K, 4 young (4096K), 4 survivors (4096K)
 Metaspace       used 77783K, committed 78656K, reserved 1179648K
  class space    used 10148K, committed 10560K, reserved 1048576K
}
Event: 24.518 GC heap before
{Heap before GC invocations=39 (full 0):
 garbage-first heap   total 83968K, used 73527K [0x00000000c2c00000, 0x0000000100000000)
  region size 1024K, 36 young (36864K), 4 survivors (4096K)
 Metaspace       used 79403K, committed 80256K, reserved 1179648K
  class space    used 10387K, committed 10752K, reserved 1048576K
}
Event: 24.526 GC heap after
{Heap after GC invocations=40 (full 0):
 garbage-first heap   total 83968K, used 42025K [0x00000000c2c00000, 0x0000000100000000)
  region size 1024K, 4 young (4096K), 4 survivors (4096K)
 Metaspace       used 79403K, committed 80256K, reserved 1179648K
  class space    used 10387K, committed 10752K, reserved 1048576K
}
Event: 40.408 GC heap before
{Heap before GC invocations=41 (full 0):
 garbage-first heap   total 83968K, used 72745K [0x00000000c2c00000, 0x0000000100000000)
  region size 1024K, 35 young (35840K), 4 survivors (4096K)
 Metaspace       used 81804K, committed 82688K, reserved 1179648K
  class space    used 10711K, committed 11136K, reserved 1048576K
}
Event: 40.414 GC heap after
{Heap after GC invocations=42 (full 0):
 garbage-first heap   total 83968K, used 42862K [0x00000000c2c00000, 0x0000000100000000)
  region size 1024K, 3 young (3072K), 3 survivors (3072K)
 Metaspace       used 81804K, committed 82688K, reserved 1179648K
  class space    used 10711K, committed 11136K, reserved 1048576K
}
Event: 45.225 GC heap before
{Heap before GC invocations=42 (full 0):
 garbage-first heap   total 83968K, used 73582K [0x00000000c2c00000, 0x0000000100000000)
  region size 1024K, 34 young (34816K), 3 survivors (3072K)
 Metaspace       used 89224K, committed 90112K, reserved 1179648K
  class space    used 11677K, committed 12096K, reserved 1048576K
}
Event: 45.245 GC heap after
{Heap after GC invocations=43 (full 0):
 garbage-first heap   total 83968K, used 44969K [0x00000000c2c00000, 0x0000000100000000)
  region size 1024K, 5 young (5120K), 5 survivors (5120K)
 Metaspace       used 89224K, committed 90112K, reserved 1179648K
  class space    used 11677K, committed 12096K, reserved 1048576K
}
Event: 241.457 GC heap before
{Heap before GC invocations=43 (full 0):
 garbage-first heap   total 83968K, used 73641K [0x00000000c2c00000, 0x0000000100000000)
  region size 1024K, 33 young (33792K), 5 survivors (5120K)
 Metaspace       used 89936K, committed 90816K, reserved 1179648K
  class space    used 11747K, committed 12160K, reserved 1048576K
}
Event: 241.515 GC heap after
{Heap after GC invocations=44 (full 0):
 garbage-first heap   total 83968K, used 46207K [0x00000000c2c00000, 0x0000000100000000)
  region size 1024K, 1 young (1024K), 1 survivors (1024K)
 Metaspace       used 89936K, committed 90816K, reserved 1179648K
  class space    used 11747K, committed 12160K, reserved 1048576K
}
Event: 493.383 GC heap before
{Heap before GC invocations=45 (full 0):
 garbage-first heap   total 83968K, used 76927K [0x00000000c2c00000, 0x0000000100000000)
  region size 1024K, 31 young (31744K), 1 survivors (1024K)
 Metaspace       used 89987K, committed 90880K, reserved 1179648K
  class space    used 11747K, committed 12160K, reserved 1048576K
}
Event: 493.450 GC heap after
{Heap after GC invocations=46 (full 0):
 garbage-first heap   total 83968K, used 45755K [0x00000000c2c00000, 0x0000000100000000)
  region size 1024K, 1 young (1024K), 1 survivors (1024K)
 Metaspace       used 89987K, committed 90880K, reserved 1179648K
  class space    used 11747K, committed 12160K, reserved 1048576K
}
Event: 741.589 GC heap before
{Heap before GC invocations=46 (full 0):
 garbage-first heap   total 83968K, used 76475K [0x00000000c2c00000, 0x0000000100000000)
  region size 1024K, 31 young (31744K), 1 survivors (1024K)
 Metaspace       used 90109K, committed 91008K, reserved 1179648K
  class space    used 11762K, committed 12160K, reserved 1048576K
}
Event: 741.736 GC heap after
{Heap after GC invocations=47 (full 0):
 garbage-first heap   total 83968K, used 44631K [0x00000000c2c00000, 0x0000000100000000)
  region size 1024K, 1 young (1024K), 1 survivors (1024K)
 Metaspace       used 90109K, committed 91008K, reserved 1179648K
  class space    used 11762K, committed 12160K, reserved 1048576K
}
Event: 814.187 GC heap before
{Heap before GC invocations=47 (full 0):
 garbage-first heap   total 83968K, used 53847K [0x00000000c2c00000, 0x0000000100000000)
  region size 1024K, 11 young (11264K), 1 survivors (1024K)
 Metaspace       used 90309K, committed 91200K, reserved 1179648K
  class space    used 11799K, committed 12224K, reserved 1048576K
}
Event: 817.958 GC heap after
{Heap after GC invocations=48 (full 1):
 garbage-first heap   total 83968K, used 37733K [0x00000000c2c00000, 0x0000000100000000)
  region size 1024K, 0 young (0K), 0 survivors (0K)
 Metaspace       used 90309K, committed 91200K, reserved 1179648K
  class space    used 11799K, committed 12224K, reserved 1048576K
}

