# JRE version: OpenJDK Runtime Environment Temurin-17.0.13+11 (17.0.13+11) (build 17.0.13+11)
# Java VM: OpenJDK 64-Bit Server VM Temurin-17.0.13+11 (17.0.13+11, mixed mode, tiered, compressed oops, compressed class ptrs, g1 gc, windows-amd64)
GC Precious Log:
 CPUs: 8 total, 8 available
 Memory: 3917M
 Large Page Support: Disabled
 NUMA Support: Disabled
 Compressed Oops: Enabled (32-bit)
 Heap Region Size: 1M
 Heap Min Capacity: 8M
 Heap Initial Capacity: 62M
 Heap Max Capacity: 980M
 Pre-touch: Disabled
 Parallel Workers: 8
 Concurrent Workers: 2
 Concurrent Refinement Workers: 8
 Periodic GC: Disabled
Heap:
 garbage-first heap   total 47104K, used 36775K [0x00000000c2c00000, 0x0000000100000000)
  region size 1024K, 18 young (18432K), 1 survivors (1024K)
 Metaspace       used 51721K, committed 52352K, reserved 1114112K
  class space    used 6252K, committed 6592K, reserved 1048576K
GC Heap History (20 events):
Event: 620.342 GC heap before
{Heap before GC invocations=30 (full 0):
 garbage-first heap   total 47104K, used 37173K [0x00000000c2c00000, 0x0000000100000000)
  region size 1024K, 14 young (14336K), 1 survivors (1024K)
 Metaspace       used 51019K, committed 51584K, reserved 1114112K
  class space    used 6332K, committed 6592K, reserved 1048576K
}
Event: 620.545 GC heap after
{Heap after GC invocations=31 (full 0):
 garbage-first heap   total 47104K, used 23861K [0x00000000c2c00000, 0x0000000100000000)
  region size 1024K, 1 young (1024K), 1 survivors (1024K)
 Metaspace       used 51019K, committed 51584K, reserved 1114112K
  class space    used 6332K, committed 6592K, reserved 1048576K
}
Event: 627.121 GC heap before
{Heap before GC invocations=31 (full 0):
 garbage-first heap   total 47104K, used 24885K [0x00000000c2c00000, 0x0000000100000000)
  region size 1024K, 2 young (2048K), 1 survivors (1024K)
 Metaspace       used 51030K, committed 51584K, reserved 1114112K
  class space    used 6332K, committed 6592K, reserved 1048576K
}
Event: 627.177 GC heap after
{Heap after GC invocations=32 (full 0):
 garbage-first heap   total 47104K, used 23629K [0x00000000c2c00000, 0x0000000100000000)
  region size 1024K, 1 young (1024K), 1 survivors (1024K)
 Metaspace       used 51030K, committed 51584K, reserved 1114112K
  class space    used 6332K, committed 6592K, reserved 1048576K
}
Event: 793.745 GC heap before
{Heap before GC invocations=32 (full 0):
 garbage-first heap   total 47104K, used 37965K [0x00000000c2c00000, 0x0000000100000000)
  region size 1024K, 15 young (15360K), 1 survivors (1024K)
 Metaspace       used 51154K, committed 51712K, reserved 1114112K
  class space    used 6334K, committed 6592K, reserved 1048576K
}
Event: 793.906 GC heap after
{Heap after GC invocations=33 (full 0):
 garbage-first heap   total 47104K, used 23770K [0x00000000c2c00000, 0x0000000100000000)
  region size 1024K, 1 young (1024K), 1 survivors (1024K)
 Metaspace       used 51154K, committed 51712K, reserved 1114112K
  class space    used 6334K, committed 6592K, reserved 1048576K
}
Event: 941.179 GC heap before
{Heap before GC invocations=34 (full 0):
 garbage-first heap   total 47104K, used 38106K [0x00000000c2c00000, 0x0000000100000000)
  region size 1024K, 16 young (16384K), 1 survivors (1024K)
 Metaspace       used 51324K, committed 51840K, reserved 1114112K
  class space    used 6334K, committed 6592K, reserved 1048576K
}
Event: 941.241 GC heap after
{Heap after GC invocations=35 (full 0):
 garbage-first heap   total 47104K, used 23706K [0x00000000c2c00000, 0x0000000100000000)
  region size 1024K, 1 young (1024K), 1 survivors (1024K)
 Metaspace       used 51324K, committed 51840K, reserved 1114112K
  class space    used 6334K, committed 6592K, reserved 1048576K
}
Event: 956.734 GC heap before
{Heap before GC invocations=35 (full 0):
 garbage-first heap   total 47104K, used 24730K [0x00000000c2c00000, 0x0000000100000000)
  region size 1024K, 2 young (2048K), 1 survivors (1024K)
 Metaspace       used 51325K, committed 51840K, reserved 1114112K
  class space    used 6334K, committed 6592K, reserved 1048576K
}
Event: 956.800 GC heap after
{Heap after GC invocations=36 (full 0):
 garbage-first heap   total 47104K, used 23467K [0x00000000c2c00000, 0x0000000100000000)
  region size 1024K, 1 young (1024K), 1 survivors (1024K)
 Metaspace       used 51325K, committed 51840K, reserved 1114112K
  class space    used 6334K, committed 6592K, reserved 1048576K
}
Event: 1103.298 GC heap before
{Heap before GC invocations=36 (full 0):
 garbage-first heap   total 47104K, used 38827K [0x00000000c2c00000, 0x0000000100000000)
  region size 1024K, 16 young (16384K), 1 survivors (1024K)
 Metaspace       used 51514K, committed 52096K, reserved 1114112K
  class space    used 6334K, committed 6592K, reserved 1048576K
}
Event: 1103.342 GC heap after
{Heap after GC invocations=37 (full 0):
 garbage-first heap   total 47104K, used 23644K [0x00000000c2c00000, 0x0000000100000000)
  region size 1024K, 1 young (1024K), 1 survivors (1024K)
 Metaspace       used 51514K, committed 52096K, reserved 1114112K
  class space    used 6334K, committed 6592K, reserved 1048576K
}
Event: 1213.018 GC heap before
{Heap before GC invocations=38 (full 0):
 garbage-first heap   total 47104K, used 37980K [0x00000000c2c00000, 0x0000000100000000)
  region size 1024K, 16 young (16384K), 1 survivors (1024K)
 Metaspace       used 51357K, committed 52160K, reserved 1114112K
  class space    used 6249K, committed 6592K, reserved 1048576K
}
Event: 1213.105 GC heap after
{Heap after GC invocations=39 (full 0):
 garbage-first heap   total 47104K, used 23476K [0x00000000c2c00000, 0x0000000100000000)
  region size 1024K, 1 young (1024K), 1 survivors (1024K)
 Metaspace       used 51357K, committed 52160K, reserved 1114112K
  class space    used 6249K, committed 6592K, reserved 1048576K
}
Event: 1213.227 GC heap before
{Heap before GC invocations=39 (full 0):
 garbage-first heap   total 47104K, used 24500K [0x00000000c2c00000, 0x0000000100000000)
  region size 1024K, 2 young (2048K), 1 survivors (1024K)
 Metaspace       used 51385K, committed 52160K, reserved 1114112K
  class space    used 6251K, committed 6592K, reserved 1048576K
}
Event: 1213.288 GC heap after
{Heap after GC invocations=40 (full 0):
 garbage-first heap   total 47104K, used 21462K [0x00000000c2c00000, 0x0000000100000000)
  region size 1024K, 1 young (1024K), 1 survivors (1024K)
 Metaspace       used 51385K, committed 52160K, reserved 1114112K
  class space    used 6251K, committed 6592K, reserved 1048576K
}
Event: 1221.044 GC heap before
{Heap before GC invocations=40 (full 0):
 garbage-first heap   total 47104K, used 22486K [0x00000000c2c00000, 0x0000000100000000)
  region size 1024K, 2 young (2048K), 1 survivors (1024K)
 Metaspace       used 51428K, committed 52224K, reserved 1114112K
  class space    used 6251K, committed 6592K, reserved 1048576K
}
Event: 1221.054 GC heap after
{Heap after GC invocations=41 (full 0):
 garbage-first heap   total 47104K, used 21389K [0x00000000c2c00000, 0x0000000100000000)
  region size 1024K, 1 young (1024K), 1 survivors (1024K)
 Metaspace       used 51428K, committed 52224K, reserved 1114112K
  class space    used 6251K, committed 6592K, reserved 1048576K
}
Event: 1365.207 GC heap before
{Heap before GC invocations=41 (full 0):
 garbage-first heap   total 47104K, used 38797K [0x00000000c2c00000, 0x0000000100000000)
  region size 1024K, 18 young (18432K), 1 survivors (1024K)
 Metaspace       used 51530K, committed 52288K, reserved 1114112K
  class space    used 6251K, committed 6592K, reserved 1048576K
}
Event: 1365.262 GC heap after
{Heap after GC invocations=42 (full 0):
 garbage-first heap   total 47104K, used 21415K [0x00000000c2c00000, 0x0000000100000000)
  region size 1024K, 1 young (1024K), 1 survivors (1024K)
 Metaspace       used 51530K, committed 52288K, reserved 1114112K
  class space    used 6251K, committed 6592K, reserved 1048576K
}

