# JRE version: OpenJDK Runtime Environment Temurin-21.0.5+11 (21.0.5+11) (build 21.0.5+11-LTS)
# Java VM: OpenJDK 64-Bit Server VM Temurin-21.0.5+11 (21.0.5+11-LTS, mixed mode, sharing, tiered, compressed oops, compressed class ptrs, g1 gc, windows-amd64)
GC Precious Log:
 CardTable entry size: 512
 Card Set container configuration: InlinePtr #cards 5 size 8 Array Of Cards #cards 12 size 40 Howl #buckets 4 coarsen threshold 1843 Howl Bitmap #cards 512 size 80 coarsen threshold 460 Card regions per heap region 1 cards per card region 2048
 CPUs: 8 total, 8 available
 Memory: 3917M
 Large Page Support: Disabled
 NUMA Support: Disabled
 Compressed Oops: Enabled (32-bit)
 Heap Region Size: 1M
 Heap Min Capacity: 8M
 Heap Initial Capacity: 62M
 Heap Max Capacity: 980M
 Pre-touch: Disabled
 Parallel Workers: 8
 Concurrent Workers: 2
 Concurrent Refinement Workers: 8
 Periodic GC: Disabled
Heap:
 garbage-first heap   total 122880K, used 99014K [0x00000000c2c00000, 0x0000000100000000)
  region size 1024K, 36 young (36864K), 0 survivors (0K)
 Metaspace       used 51518K, committed 52480K, reserved 1114112K
  class space    used 6056K, committed 6400K, reserved 1048576K
GC Heap History (20 events):
Event: 4378.899 GC heap before
{Heap before GC invocations=126 (full 32):
 garbage-first heap   total 102400K, used 88872K [0x00000000c2c00000, 0x0000000100000000)
  region size 1024K, 33 young (33792K), 4 survivors (4096K)
 Metaspace       used 50947K, committed 51904K, reserved 1114112K
  class space    used 5974K, committed 6336K, reserved 1048576K
}
Event: 4379.085 GC heap after
{Heap after GC invocations=127 (full 32):
 garbage-first heap   total 102400K, used 61162K [0x00000000c2c00000, 0x0000000100000000)
  region size 1024K, 3 young (3072K), 3 survivors (3072K)
 Metaspace       used 50947K, committed 51904K, reserved 1114112K
  class space    used 5974K, committed 6336K, reserved 1048576K
}
Event: 4398.063 GC heap before
{Heap before GC invocations=127 (full 32):
 garbage-first heap   total 102400K, used 64234K [0x00000000c2c00000, 0x0000000100000000)
  region size 1024K, 7 young (7168K), 3 survivors (3072K)
 Metaspace       used 50954K, committed 51904K, reserved 1114112K
  class space    used 5975K, committed 6336K, reserved 1048576K
}
Event: 4398.703 GC heap after
{Heap after GC invocations=128 (full 33):
 garbage-first heap   total 102400K, used 59407K [0x00000000c2c00000, 0x0000000100000000)
  region size 1024K, 0 young (0K), 0 survivors (0K)
 Metaspace       used 50954K, committed 51904K, reserved 1114112K
  class space    used 5975K, committed 6336K, reserved 1048576K
}
Event: 4400.157 GC heap before
{Heap before GC invocations=128 (full 33):
 garbage-first heap   total 102400K, used 92175K [0x00000000c2c00000, 0x0000000100000000)
  region size 1024K, 32 young (32768K), 0 survivors (0K)
 Metaspace       used 50994K, committed 51968K, reserved 1114112K
  class space    used 5983K, committed 6336K, reserved 1048576K
}
Event: 4400.174 GC heap after
{Heap after GC invocations=129 (full 33):
 garbage-first heap   total 102400K, used 62835K [0x00000000c2c00000, 0x0000000100000000)
  region size 1024K, 4 young (4096K), 4 survivors (4096K)
 Metaspace       used 50994K, committed 51968K, reserved 1114112K
  class space    used 5983K, committed 6336K, reserved 1048576K
}
Event: 4454.055 GC heap before
{Heap before GC invocations=130 (full 33):
 garbage-first heap   total 109568K, used 89459K [0x00000000c2c00000, 0x0000000100000000)
  region size 1024K, 30 young (30720K), 4 survivors (4096K)
 Metaspace       used 51034K, committed 51968K, reserved 1114112K
  class space    used 5984K, committed 6336K, reserved 1048576K
}
Event: 4454.094 GC heap after
{Heap after GC invocations=131 (full 33):
 garbage-first heap   total 109568K, used 63284K [0x00000000c2c00000, 0x0000000100000000)
  region size 1024K, 2 young (2048K), 2 survivors (2048K)
 Metaspace       used 51034K, committed 51968K, reserved 1114112K
  class space    used 5984K, committed 6336K, reserved 1048576K
}
Event: 4533.661 GC heap before
{Heap before GC invocations=131 (full 33):
 garbage-first heap   total 109568K, used 70452K [0x00000000c2c00000, 0x0000000100000000)
  region size 1024K, 10 young (10240K), 2 survivors (2048K)
 Metaspace       used 51040K, committed 52032K, reserved 1114112K
  class space    used 5985K, committed 6336K, reserved 1048576K
}
Event: 4535.331 GC heap after
{Heap after GC invocations=132 (full 34):
 garbage-first heap   total 109568K, used 61804K [0x00000000c2c00000, 0x0000000100000000)
  region size 1024K, 0 young (0K), 0 survivors (0K)
 Metaspace       used 51040K, committed 52032K, reserved 1114112K
  class space    used 5985K, committed 6336K, reserved 1048576K
}
Event: 4541.203 GC heap before
{Heap before GC invocations=132 (full 34):
 garbage-first heap   total 109568K, used 97644K [0x00000000c2c00000, 0x0000000100000000)
  region size 1024K, 36 young (36864K), 0 survivors (0K)
 Metaspace       used 51087K, committed 52032K, reserved 1114112K
  class space    used 5994K, committed 6336K, reserved 1048576K
}
Event: 4541.242 GC heap after
{Heap after GC invocations=133 (full 34):
 garbage-first heap   total 109568K, used 65384K [0x00000000c2c00000, 0x0000000100000000)
  region size 1024K, 4 young (4096K), 4 survivors (4096K)
 Metaspace       used 51087K, committed 52032K, reserved 1114112K
  class space    used 5994K, committed 6336K, reserved 1048576K
}
Event: 4544.558 GC heap before
{Heap before GC invocations=134 (full 34):
 garbage-first heap   total 112640K, used 96104K [0x00000000c2c00000, 0x0000000100000000)
  region size 1024K, 35 young (35840K), 4 survivors (4096K)
 Metaspace       used 51370K, committed 52352K, reserved 1114112K
  class space    used 6039K, committed 6400K, reserved 1048576K
}
Event: 4544.573 GC heap after
{Heap after GC invocations=135 (full 34):
 garbage-first heap   total 112640K, used 67830K [0x00000000c2c00000, 0x0000000100000000)
  region size 1024K, 4 young (4096K), 4 survivors (4096K)
 Metaspace       used 51370K, committed 52352K, reserved 1114112K
  class space    used 6039K, committed 6400K, reserved 1048576K
}
Event: 4571.833 GC heap before
{Heap before GC invocations=135 (full 34):
 garbage-first heap   total 112640K, used 99574K [0x00000000c2c00000, 0x0000000100000000)
  region size 1024K, 35 young (35840K), 4 survivors (4096K)
 Metaspace       used 51441K, committed 52416K, reserved 1114112K
  class space    used 6046K, committed 6400K, reserved 1048576K
}
Event: 4571.990 GC heap after
{Heap after GC invocations=136 (full 34):
 garbage-first heap   total 112640K, used 70172K [0x00000000c2c00000, 0x0000000100000000)
  region size 1024K, 4 young (4096K), 4 survivors (4096K)
 Metaspace       used 51441K, committed 52416K, reserved 1114112K
  class space    used 6046K, committed 6400K, reserved 1048576K
}
Event: 4576.681 GC heap before
{Heap before GC invocations=136 (full 34):
 garbage-first heap   total 112640K, used 98844K [0x00000000c2c00000, 0x0000000100000000)
  region size 1024K, 33 young (33792K), 4 survivors (4096K)
 Metaspace       used 51476K, committed 52480K, reserved 1114112K
  class space    used 6049K, committed 6400K, reserved 1048576K
}
Event: 4576.702 GC heap after
{Heap after GC invocations=137 (full 34):
 garbage-first heap   total 112640K, used 72407K [0x00000000c2c00000, 0x0000000100000000)
  region size 1024K, 3 young (3072K), 3 survivors (3072K)
 Metaspace       used 51476K, committed 52480K, reserved 1114112K
  class space    used 6049K, committed 6400K, reserved 1048576K
}
Event: 4581.599 GC heap before
{Heap before GC invocations=138 (full 34):
 garbage-first heap   total 122880K, used 80599K [0x00000000c2c00000, 0x0000000100000000)
  region size 1024K, 12 young (12288K), 3 survivors (3072K)
 Metaspace       used 51473K, committed 52480K, reserved 1114112K
  class space    used 6047K, committed 6400K, reserved 1048576K
}
Event: 4582.771 GC heap after
{Heap after GC invocations=139 (full 35):
 garbage-first heap   total 122880K, used 63174K [0x00000000c2c00000, 0x0000000100000000)
  region size 1024K, 0 young (0K), 0 survivors (0K)
 Metaspace       used 51473K, committed 52480K, reserved 1114112K
  class space    used 6047K, committed 6400K, reserved 1048576K
}

